Traceback (most recent call last):
  File "C:\Users\ASUS\Desktop\fuxian\fedgrid_runtime_bundle_v1\runtime_bundle\train_gnn_fedgrid.py", line 1335, in <module>
    main()
  File "C:\Users\ASUS\Desktop\fuxian\fedgrid_runtime_bundle_v1\runtime_bundle\train_gnn_fedgrid.py", line 578, in main
    print(f"\U0001f680 Start Training GNN-FMASAC: {opts.case_name}")
  File "D:\Anaconda\envs\tianshou_env\lib\site-packages\colorama\ansitowin32.py", line 47, in write
    self.__convertor.write(text)
  File "D:\Anaconda\envs\tianshou_env\lib\site-packages\colorama\ansitowin32.py", line 177, in write
    self.write_and_convert(text)
  File "D:\Anaconda\envs\tianshou_env\lib\site-packages\colorama\ansitowin32.py", line 205, in write_and_convert
    self.write_plain_text(text, cursor, len(text))
  File "D:\Anaconda\envs\tianshou_env\lib\site-packages\colorama\ansitowin32.py", line 210, in write_plain_text
    self.wrapped.write(text[start:end])
UnicodeEncodeError: 'gbk' codec can't encode character '\U0001f680' in position 0: illegal multibyte sequence
Traceback (most recent call last):
  File "C:\Users\ASUS\Desktop\fuxian\fedgrid_runtime_bundle_v1\runtime_bundle\run_case141_fedgrid_v6.py", line 389, in <module>
    main()
  File "C:\Users\ASUS\Desktop\fuxian\fedgrid_runtime_bundle_v1\runtime_bundle\run_case141_fedgrid_v6.py", line 330, in main
    run(train_cmd, cwd=project_root, dry_run=args.dry_run)
  File "C:\Users\ASUS\Desktop\fuxian\fedgrid_runtime_bundle_v1\runtime_bundle\run_case141_fedgrid_v6.py", line 97, in run
    subprocess.run(list(map(str, cmd)), cwd=str(cwd), check=True)
  File "D:\Anaconda\envs\tianshou_env\lib\subprocess.py", line 526, in run
    raise CalledProcessError(retcode, process.args,
subprocess.CalledProcessError: Command '['D:\\Anaconda\\envs\\tianshou_env\\python.exe', 'C:\\Users\\ASUS\\Desktop\\fuxian\\fedgrid_runtime_bundle_v1\\runtime_bundle\\train_gnn_fedgrid.py', '--save_dir', 'C:\\Users\\ASUS\\Desktop\\fuxian\\fedgrid_runtime_bundle_v1\\runtime_bundle\\outputs\\suites\\case141_fedgrid_main_rr\\checkpoints', '--log_dir', 'C:\\Users\\ASUS\\Desktop\\fuxian\\fedgrid_runtime_bundle_v1\\runtime_bundle\\outputs\\suites\\case141_fedgrid_main_rr\\logs', '--exp_name', 'case141_fedgrid_none_seed0', '--case', '141', '--gpu', '0', '--epochs', '100', '--val_episodes', '5', '--topology_mode', 'random_reset', '--outage_k', '6', '--outage_policy', 'local', '--outage_radius', '2', '--avoid_slack_hops', '1', '--topology_seed', '0', '--bus_gnn_scope', 'global', '--mixer_gat_ramp_epochs', '50', '--mixer_gate_init_bias', '-5.0', '--mixer_gnn_lr_scale', '0.1', '--mixer_gate_lr_scale', '0.1', '--edge_drop', '0.1', '--bus_gnn_lr_scale', '0.1', '--bus_gnn_use_base_topology', '--mixer_use_base_topology', '--fed_mode', 'none']' returned non-zero exit status 1.
