Traceback (most recent call last):
  File "C:\Users\ASUS\Desktop\runtime_bundle\scripts\fedgrid_autopilot.py", line 565, in <module>
    raise SystemExit(main())
  File "C:\Users\ASUS\Desktop\runtime_bundle\scripts\fedgrid_autopilot.py", line 555, in main
    action = autopilot.step_once()
  File "C:\Users\ASUS\Desktop\runtime_bundle\scripts\fedgrid_autopilot.py", line 485, in step_once
    statuses = self.inspect_all()
  File "C:\Users\ASUS\Desktop\runtime_bundle\scripts\fedgrid_autopilot.py", line 482, in inspect_all
    return [inspect_suite(self.root, spec) for spec in self.queue]
  File "C:\Users\ASUS\Desktop\runtime_bundle\scripts\fedgrid_autopilot.py", line 482, in <listcomp>
    return [inspect_suite(self.root, spec) for spec in self.queue]
  File "C:\Users\ASUS\Desktop\runtime_bundle\scripts\fedgrid_autopilot.py", line 233, in inspect_suite
    process_count = query_process_count(spec.suite_name)
  File "C:\Users\ASUS\Desktop\runtime_bundle\scripts\fedgrid_autopilot.py", line 162, in query_process_count
    proc = subprocess.run(
  File "D:\Anaconda\envs\tianshou_env\lib\subprocess.py", line 503, in run
    with Popen(*popenargs, **kwargs) as process:
  File "D:\Anaconda\envs\tianshou_env\lib\subprocess.py", line 971, in __init__
    self._execute_child(args, executable, preexec_fn, close_fds,
  File "D:\Anaconda\envs\tianshou_env\lib\subprocess.py", line 1456, in _execute_child
    hp, ht, pid, tid = _winapi.CreateProcess(executable, args,
FileNotFoundError: [WinError 2] 溝固冷꼇돕寧땍돨匡숭。
