[2026-03-26 17:33:28] resume[case141_fedgrid_robust_rr_20260326] started in background.
[2026-03-26 17:35:30] wait[case141_fedgrid_robust_rr_20260326] suite is still running.
[2026-03-26 17:37:28] wait[case141_fedgrid_robust_rr_20260326] suite is still running.
[2026-03-26 17:42:36] wait[case141_fedgrid_robust_rr_20260326] suite is still running.
[2026-03-26 17:47:45] wait[case141_fedgrid_robust_rr_20260326] suite is still running.
[2026-03-26 17:52:54] wait[case141_fedgrid_robust_rr_20260326] suite is still running.
[2026-03-26 17:58:02] wait[case141_fedgrid_robust_rr_20260326] suite is still running.
[2026-03-26 18:03:09] wait[case141_fedgrid_robust_rr_20260326] suite is still running.
[2026-03-26 18:08:17] wait[case141_fedgrid_robust_rr_20260326] suite is still running.
[2026-03-26 18:13:26] wait[case141_fedgrid_robust_rr_20260326] suite is still running.
[2026-03-26 18:18:34] wait[case141_fedgrid_robust_rr_20260326] suite is still running.
[2026-03-26 18:23:43] wait[case141_fedgrid_robust_rr_20260326] suite is still running.
[2026-03-26 18:28:51] wait[case141_fedgrid_robust_rr_20260326] suite is still running.
[2026-03-26 18:33:59] wait[case141_fedgrid_robust_rr_20260326] suite is still running.
[2026-03-26 18:39:08] wait[case141_fedgrid_robust_rr_20260326] suite is still running.
[2026-03-26 18:44:17] wait[case141_fedgrid_robust_rr_20260326] suite is still running.
[2026-03-26 18:49:25] wait[case141_fedgrid_robust_rr_20260326] suite is still running.
[2026-03-26 18:54:38] wait[case141_fedgrid_robust_rr_20260326] suite is still running.
[2026-03-26 18:59:46] wait[case141_fedgrid_robust_rr_20260326] suite is still running.
[2026-03-26 19:04:53] wait[case141_fedgrid_robust_rr_20260326] suite is still running.
[2026-03-26 19:10:02] wait[case141_fedgrid_robust_rr_20260326] suite is still running.
[2026-03-26 19:15:09] wait[case141_fedgrid_robust_rr_20260326] suite is still running.
[2026-03-26 19:20:19] wait[case141_fedgrid_robust_rr_20260326] suite is still running.
[2026-03-26 19:25:27] wait[case141_fedgrid_robust_rr_20260326] suite is still running.
[2026-03-26 19:30:36] wait[case141_fedgrid_robust_rr_20260326] suite is still running.
[2026-03-26 19:35:45] wait[case141_fedgrid_robust_rr_20260326] suite is still running.
[2026-03-26 19:40:53] wait[case141_fedgrid_robust_rr_20260326] suite is still running.
[2026-03-26 19:46:01] wait[case141_fedgrid_robust_rr_20260326] suite is still running.
[2026-03-26 19:51:09] wait[case141_fedgrid_robust_rr_20260326] suite is still running.
[2026-03-26 19:56:17] wait[case141_fedgrid_robust_rr_20260326] suite is still running.
[2026-03-26 20:01:26] wait[case141_fedgrid_robust_rr_20260326] suite is still running.
[2026-03-26 20:06:35] wait[case141_fedgrid_robust_rr_20260326] suite is still running.
[2026-03-26 20:11:43] wait[case141_fedgrid_robust_rr_20260326] suite is still running.
[2026-03-26 20:16:52] wait[case141_fedgrid_robust_rr_20260326] suite is still running.
[2026-03-26 20:22:01] wait[case141_fedgrid_robust_rr_20260326] suite is still running.
[2026-03-26 20:27:11] wait[case141_fedgrid_robust_rr_20260326] suite is still running.
[2026-03-26 20:32:19] wait[case141_fedgrid_robust_rr_20260326] suite is still running.
[2026-03-26 20:37:27] wait[case141_fedgrid_robust_rr_20260326] suite is still running.
[2026-03-26 20:42:36] wait[case141_fedgrid_robust_rr_20260326] suite is still running.
[2026-03-26 20:47:44] wait[case141_fedgrid_robust_rr_20260326] suite is still running.
[2026-03-26 20:52:53] wait[case141_fedgrid_robust_rr_20260326] suite is still running.
[2026-03-26 20:58:01] wait[case141_fedgrid_robust_rr_20260326] suite is still running.
[2026-03-26 21:03:08] wait[case141_fedgrid_robust_rr_20260326] suite is still running.
[2026-03-26 21:08:14] wait[case141_fedgrid_robust_rr_20260326] suite is still running.
[2026-03-26 21:13:21] wait[case141_fedgrid_robust_rr_20260326] suite is still running.
[2026-03-26 21:18:27] wait[case141_fedgrid_robust_rr_20260326] suite is still running.
[2026-03-26 21:23:34] wait[case141_fedgrid_robust_rr_20260326] suite is still running.
[2026-03-26 21:28:41] wait[case141_fedgrid_robust_rr_20260326] suite is still running.
[2026-03-26 21:33:48] wait[case141_fedgrid_robust_rr_20260326] suite is still running.
[2026-03-26 21:38:54] wait[case141_fedgrid_robust_rr_20260326] suite is still running.
[2026-03-26 21:44:01] wait[case141_fedgrid_robust_rr_20260326] suite is still running.
[2026-03-26 21:49:08] wait[case141_fedgrid_robust_rr_20260326] suite is still running.
[2026-03-26 21:54:14] wait[case141_fedgrid_robust_rr_20260326] suite is still running.
[2026-03-26 21:59:21] wait[case141_fedgrid_robust_rr_20260326] suite is still running.
[2026-03-26 22:04:28] wait[case141_fedgrid_robust_rr_20260326] suite is still running.
[2026-03-26 22:09:34] wait[case141_fedgrid_robust_rr_20260326] suite is still running.
[2026-03-26 22:14:41] wait[case141_fedgrid_robust_rr_20260326] suite is still running.
[2026-03-26 22:19:47] wait[case141_fedgrid_robust_rr_20260326] suite is still running.
[2026-03-26 22:24:54] wait[case141_fedgrid_robust_rr_20260326] suite is still running.
[2026-03-26 22:30:01] wait[case141_fedgrid_robust_rr_20260326] suite is still running.
[2026-03-26 22:35:07] wait[case141_fedgrid_robust_rr_20260326] suite is still running.
[2026-03-26 22:40:14] wait[case141_fedgrid_robust_rr_20260326] suite is still running.
[2026-03-26 22:45:21] wait[case141_fedgrid_robust_rr_20260326] suite is still running.
[2026-03-26 22:50:27] wait[case141_fedgrid_robust_rr_20260326] suite is still running.
[2026-03-26 22:55:34] wait[case141_fedgrid_robust_rr_20260326] suite is still running.
[2026-03-26 23:00:41] launch[case141_fedgrid_ablation_custom_rr_20260326] started in background.
[2026-03-26 23:05:54] launch[case141_fedgrid_ablation_custom_rr_20260326] started in background.
[2026-03-26 23:11:07] launch[case141_fedgrid_ablation_custom_rr_20260326] started in background.
[2026-03-26 23:16:21] launch[case141_fedgrid_ablation_custom_rr_20260326] started in background.
[2026-03-26 23:21:34] launch[case141_fedgrid_ablation_custom_rr_20260326] started in background.
[2026-03-26 23:26:48] launch[case141_fedgrid_ablation_custom_rr_20260326] started in background.
[2026-03-26 23:32:01] launch[case141_fedgrid_ablation_custom_rr_20260326] started in background.
[2026-03-26 23:37:14] launch[case141_fedgrid_ablation_custom_rr_20260326] started in background.
[2026-03-26 23:42:28] launch[case141_fedgrid_ablation_custom_rr_20260326] started in background.
[2026-03-26 23:47:41] launch[case141_fedgrid_ablation_custom_rr_20260326] started in background.
[2026-03-26 23:52:54] launch[case141_fedgrid_ablation_custom_rr_20260326] started in background.
[2026-03-26 23:58:08] launch[case141_fedgrid_ablation_custom_rr_20260326] started in background.
[2026-03-27 00:03:21] launch[case141_fedgrid_ablation_custom_rr_20260326] started in background.
[2026-03-27 00:08:34] launch[case141_fedgrid_ablation_custom_rr_20260326] started in background.
[2026-03-27 00:13:47] launch[case141_fedgrid_ablation_custom_rr_20260326] started in background.
[2026-03-27 00:19:00] launch[case141_fedgrid_ablation_custom_rr_20260326] started in background.
[2026-03-27 00:24:12] launch[case141_fedgrid_ablation_custom_rr_20260326] started in background.
[2026-03-27 00:29:25] launch[case141_fedgrid_ablation_custom_rr_20260326] started in background.
[2026-03-27 00:34:38] launch[case141_fedgrid_ablation_custom_rr_20260326] started in background.
[2026-03-27 00:39:50] launch[case141_fedgrid_ablation_custom_rr_20260326] started in background.
[2026-03-27 00:45:03] launch[case141_fedgrid_ablation_custom_rr_20260326] started in background.
[2026-03-27 00:50:15] launch[case141_fedgrid_ablation_custom_rr_20260326] started in background.
[2026-03-27 00:55:28] launch[case141_fedgrid_ablation_custom_rr_20260326] started in background.
[2026-03-27 01:00:41] launch[case141_fedgrid_ablation_custom_rr_20260326] started in background.
[2026-03-27 01:05:54] launch[case141_fedgrid_ablation_custom_rr_20260326] started in background.
[2026-03-27 01:11:07] launch[case141_fedgrid_ablation_custom_rr_20260326] started in background.
[2026-03-27 01:16:19] launch[case141_fedgrid_ablation_custom_rr_20260326] started in background.
[2026-03-27 01:21:32] launch[case141_fedgrid_ablation_custom_rr_20260326] started in background.
[2026-03-27 01:26:46] launch[case141_fedgrid_ablation_custom_rr_20260326] started in background.
[2026-03-27 01:27:46] launch[case141_fedgrid_ablation_custom_rr_20260326] started in background with pid=62712.
[2026-03-27 01:30:40] launch[case141_fedgrid_ablation_custom_rr_20260326] started in background with pid=62688.
[2026-03-27 01:40:36] wait[case141_fedgrid_ablation_custom_rr_20260326] suite is still running.
[2026-03-27 11:07:13] queue_complete all configured suites are complete.
[2026-03-28 01:05:11] launch[case141_fedgrid_ablation_custom_rr_20260327_ms3] started in background with pid=61176.
[2026-03-28 01:10:27] wait[case141_fedgrid_ablation_custom_rr_20260327_ms3] suite is still running.
[2026-03-28 01:15:35] wait[case141_fedgrid_ablation_custom_rr_20260327_ms3] suite is still running.
[2026-03-28 01:20:44] wait[case141_fedgrid_ablation_custom_rr_20260327_ms3] suite is still running.
[2026-03-28 01:25:52] wait[case141_fedgrid_ablation_custom_rr_20260327_ms3] suite is still running.
[2026-03-28 01:31:01] wait[case141_fedgrid_ablation_custom_rr_20260327_ms3] suite is still running.
[2026-03-28 01:36:09] wait[case141_fedgrid_ablation_custom_rr_20260327_ms3] suite is still running.
[2026-03-28 01:41:17] wait[case141_fedgrid_ablation_custom_rr_20260327_ms3] suite is still running.
[2026-03-28 01:46:26] wait[case141_fedgrid_ablation_custom_rr_20260327_ms3] suite is still running.
[2026-03-28 01:51:35] wait[case141_fedgrid_ablation_custom_rr_20260327_ms3] suite is still running.
[2026-03-28 01:56:43] wait[case141_fedgrid_ablation_custom_rr_20260327_ms3] suite is still running.
[2026-03-28 02:01:51] wait[case141_fedgrid_ablation_custom_rr_20260327_ms3] suite is still running.
[2026-03-28 02:07:00] wait[case141_fedgrid_ablation_custom_rr_20260327_ms3] suite is still running.
[2026-03-28 02:12:08] wait[case141_fedgrid_ablation_custom_rr_20260327_ms3] suite is still running.
[2026-03-28 02:17:16] wait[case141_fedgrid_ablation_custom_rr_20260327_ms3] suite is still running.
[2026-03-28 02:22:25] wait[case141_fedgrid_ablation_custom_rr_20260327_ms3] suite is still running.
[2026-03-28 02:27:33] wait[case141_fedgrid_ablation_custom_rr_20260327_ms3] suite is still running.
[2026-03-28 02:32:41] wait[case141_fedgrid_ablation_custom_rr_20260327_ms3] suite is still running.
[2026-03-28 02:37:49] wait[case141_fedgrid_ablation_custom_rr_20260327_ms3] suite is still running.
[2026-03-28 02:42:57] wait[case141_fedgrid_ablation_custom_rr_20260327_ms3] suite is still running.
[2026-03-28 02:48:05] wait[case141_fedgrid_ablation_custom_rr_20260327_ms3] suite is still running.
[2026-03-28 02:53:12] wait[case141_fedgrid_ablation_custom_rr_20260327_ms3] suite is still running.
[2026-03-28 02:58:20] wait[case141_fedgrid_ablation_custom_rr_20260327_ms3] suite is still running.
[2026-03-28 03:03:28] wait[case141_fedgrid_ablation_custom_rr_20260327_ms3] suite is still running.
[2026-03-28 03:08:36] wait[case141_fedgrid_ablation_custom_rr_20260327_ms3] suite is still running.
[2026-03-28 03:13:44] wait[case141_fedgrid_ablation_custom_rr_20260327_ms3] suite is still running.
[2026-03-28 03:18:52] wait[case141_fedgrid_ablation_custom_rr_20260327_ms3] suite is still running.
[2026-03-28 03:24:01] wait[case141_fedgrid_ablation_custom_rr_20260327_ms3] suite is still running.
[2026-03-28 03:29:10] wait[case141_fedgrid_ablation_custom_rr_20260327_ms3] suite is still running.
[2026-03-28 03:34:18] wait[case141_fedgrid_ablation_custom_rr_20260327_ms3] suite is still running.
[2026-03-28 03:39:27] wait[case141_fedgrid_ablation_custom_rr_20260327_ms3] suite is still running.
[2026-03-28 03:44:35] wait[case141_fedgrid_ablation_custom_rr_20260327_ms3] suite is still running.
[2026-03-28 03:49:43] wait[case141_fedgrid_ablation_custom_rr_20260327_ms3] suite is still running.
[2026-03-28 03:54:51] wait[case141_fedgrid_ablation_custom_rr_20260327_ms3] suite is still running.
[2026-03-28 03:59:59] wait[case141_fedgrid_ablation_custom_rr_20260327_ms3] suite is still running.
[2026-03-28 04:05:08] wait[case141_fedgrid_ablation_custom_rr_20260327_ms3] suite is still running.
[2026-03-28 04:10:16] wait[case141_fedgrid_ablation_custom_rr_20260327_ms3] suite is still running.
[2026-03-28 04:15:24] wait[case141_fedgrid_ablation_custom_rr_20260327_ms3] suite is still running.
[2026-03-28 04:20:32] wait[case141_fedgrid_ablation_custom_rr_20260327_ms3] suite is still running.
[2026-03-28 04:25:40] wait[case141_fedgrid_ablation_custom_rr_20260327_ms3] suite is still running.
[2026-03-28 04:30:48] wait[case141_fedgrid_ablation_custom_rr_20260327_ms3] suite is still running.
[2026-03-28 04:35:56] wait[case141_fedgrid_ablation_custom_rr_20260327_ms3] suite is still running.
[2026-03-28 04:41:04] wait[case141_fedgrid_ablation_custom_rr_20260327_ms3] suite is still running.
[2026-03-28 04:46:12] wait[case141_fedgrid_ablation_custom_rr_20260327_ms3] suite is still running.
[2026-03-28 04:51:21] wait[case141_fedgrid_ablation_custom_rr_20260327_ms3] suite is still running.
[2026-03-28 04:56:29] wait[case141_fedgrid_ablation_custom_rr_20260327_ms3] suite is still running.
[2026-03-28 05:01:37] wait[case141_fedgrid_ablation_custom_rr_20260327_ms3] suite is still running.
[2026-03-28 05:06:45] wait[case141_fedgrid_ablation_custom_rr_20260327_ms3] suite is still running.
[2026-03-28 05:11:53] wait[case141_fedgrid_ablation_custom_rr_20260327_ms3] suite is still running.
[2026-03-28 05:17:01] wait[case141_fedgrid_ablation_custom_rr_20260327_ms3] suite is still running.
[2026-03-28 05:22:12] wait[case141_fedgrid_ablation_custom_rr_20260327_ms3] suite is still running.
[2026-03-28 05:27:21] wait[case141_fedgrid_ablation_custom_rr_20260327_ms3] suite is still running.
[2026-03-28 05:32:29] wait[case141_fedgrid_ablation_custom_rr_20260327_ms3] suite is still running.
[2026-03-28 05:37:37] wait[case141_fedgrid_ablation_custom_rr_20260327_ms3] suite is still running.
[2026-03-28 05:42:45] wait[case141_fedgrid_ablation_custom_rr_20260327_ms3] suite is still running.
[2026-03-28 05:47:53] wait[case141_fedgrid_ablation_custom_rr_20260327_ms3] suite is still running.
[2026-03-28 05:53:02] wait[case141_fedgrid_ablation_custom_rr_20260327_ms3] suite is still running.
[2026-03-28 05:58:10] wait[case141_fedgrid_ablation_custom_rr_20260327_ms3] suite is still running.
[2026-03-28 06:03:18] wait[case141_fedgrid_ablation_custom_rr_20260327_ms3] suite is still running.
[2026-03-28 06:08:27] wait[case141_fedgrid_ablation_custom_rr_20260327_ms3] suite is still running.
[2026-03-28 06:13:35] wait[case141_fedgrid_ablation_custom_rr_20260327_ms3] suite is still running.
[2026-03-28 06:18:43] wait[case141_fedgrid_ablation_custom_rr_20260327_ms3] suite is still running.
[2026-03-28 06:23:52] wait[case141_fedgrid_ablation_custom_rr_20260327_ms3] suite is still running.
[2026-03-28 06:29:00] wait[case141_fedgrid_ablation_custom_rr_20260327_ms3] suite is still running.
[2026-03-28 06:34:08] wait[case141_fedgrid_ablation_custom_rr_20260327_ms3] suite is still running.
[2026-03-28 06:39:17] wait[case141_fedgrid_ablation_custom_rr_20260327_ms3] suite is still running.
[2026-03-28 06:44:25] wait[case141_fedgrid_ablation_custom_rr_20260327_ms3] suite is still running.
[2026-03-28 06:49:34] wait[case141_fedgrid_ablation_custom_rr_20260327_ms3] suite is still running.
[2026-03-28 06:54:42] wait[case141_fedgrid_ablation_custom_rr_20260327_ms3] suite is still running.
[2026-03-28 06:59:50] wait[case141_fedgrid_ablation_custom_rr_20260327_ms3] suite is still running.
[2026-03-28 07:04:59] wait[case141_fedgrid_ablation_custom_rr_20260327_ms3] suite is still running.
[2026-03-28 07:10:07] wait[case141_fedgrid_ablation_custom_rr_20260327_ms3] suite is still running.
[2026-03-28 07:15:16] wait[case141_fedgrid_ablation_custom_rr_20260327_ms3] suite is still running.
[2026-03-28 07:20:24] wait[case141_fedgrid_ablation_custom_rr_20260327_ms3] suite is still running.
[2026-03-28 07:25:33] wait[case141_fedgrid_ablation_custom_rr_20260327_ms3] suite is still running.
[2026-03-28 07:30:41] wait[case141_fedgrid_ablation_custom_rr_20260327_ms3] suite is still running.
[2026-03-28 07:35:50] wait[case141_fedgrid_ablation_custom_rr_20260327_ms3] suite is still running.
[2026-03-28 07:40:58] wait[case141_fedgrid_ablation_custom_rr_20260327_ms3] suite is still running.
[2026-03-28 07:46:07] wait[case141_fedgrid_ablation_custom_rr_20260327_ms3] suite is still running.
[2026-03-28 07:51:16] wait[case141_fedgrid_ablation_custom_rr_20260327_ms3] suite is still running.
[2026-03-28 07:56:25] wait[case141_fedgrid_ablation_custom_rr_20260327_ms3] suite is still running.
[2026-03-28 08:01:33] wait[case141_fedgrid_ablation_custom_rr_20260327_ms3] suite is still running.
[2026-03-28 08:06:41] wait[case141_fedgrid_ablation_custom_rr_20260327_ms3] suite is still running.
[2026-03-28 08:11:50] wait[case141_fedgrid_ablation_custom_rr_20260327_ms3] suite is still running.
[2026-03-28 08:16:58] wait[case141_fedgrid_ablation_custom_rr_20260327_ms3] suite is still running.
[2026-03-28 08:22:07] wait[case141_fedgrid_ablation_custom_rr_20260327_ms3] suite is still running.
[2026-03-28 08:27:15] wait[case141_fedgrid_ablation_custom_rr_20260327_ms3] suite is still running.
[2026-03-28 08:32:24] wait[case141_fedgrid_ablation_custom_rr_20260327_ms3] suite is still running.
[2026-03-28 08:37:33] wait[case141_fedgrid_ablation_custom_rr_20260327_ms3] suite is still running.
[2026-03-28 08:42:41] wait[case141_fedgrid_ablation_custom_rr_20260327_ms3] suite is still running.
[2026-03-28 08:47:50] wait[case141_fedgrid_ablation_custom_rr_20260327_ms3] suite is still running.
[2026-03-28 08:52:58] wait[case141_fedgrid_ablation_custom_rr_20260327_ms3] suite is still running.
[2026-03-28 08:58:07] wait[case141_fedgrid_ablation_custom_rr_20260327_ms3] suite is still running.
[2026-03-28 09:03:16] wait[case141_fedgrid_ablation_custom_rr_20260327_ms3] suite is still running.
[2026-03-28 09:08:24] wait[case141_fedgrid_ablation_custom_rr_20260327_ms3] suite is still running.
[2026-03-28 09:13:33] wait[case141_fedgrid_ablation_custom_rr_20260327_ms3] suite is still running.
[2026-03-28 09:18:41] wait[case141_fedgrid_ablation_custom_rr_20260327_ms3] suite is still running.
[2026-03-28 09:23:50] wait[case141_fedgrid_ablation_custom_rr_20260327_ms3] suite is still running.
[2026-03-28 09:28:59] wait[case141_fedgrid_ablation_custom_rr_20260327_ms3] suite is still running.
[2026-03-28 09:34:08] wait[case141_fedgrid_ablation_custom_rr_20260327_ms3] suite is still running.
[2026-03-28 09:39:17] wait[case141_fedgrid_ablation_custom_rr_20260327_ms3] suite is still running.
[2026-03-28 09:44:26] wait[case141_fedgrid_ablation_custom_rr_20260327_ms3] suite is still running.
[2026-03-28 09:49:35] wait[case141_fedgrid_ablation_custom_rr_20260327_ms3] suite is still running.
[2026-03-28 09:54:43] wait[case141_fedgrid_ablation_custom_rr_20260327_ms3] suite is still running.
[2026-03-28 09:59:52] wait[case141_fedgrid_ablation_custom_rr_20260327_ms3] suite is still running.
[2026-03-28 10:05:01] wait[case141_fedgrid_ablation_custom_rr_20260327_ms3] suite is still running.
[2026-03-28 10:10:10] wait[case141_fedgrid_ablation_custom_rr_20260327_ms3] suite is still running.
[2026-03-28 10:15:18] wait[case141_fedgrid_ablation_custom_rr_20260327_ms3] suite is still running.
[2026-03-28 10:20:27] wait[case141_fedgrid_ablation_custom_rr_20260327_ms3] suite is still running.
[2026-03-28 10:25:36] wait[case141_fedgrid_ablation_custom_rr_20260327_ms3] suite is still running.
[2026-03-28 10:30:45] wait[case141_fedgrid_ablation_custom_rr_20260327_ms3] suite is still running.
[2026-03-28 10:35:54] wait[case141_fedgrid_ablation_custom_rr_20260327_ms3] suite is still running.
[2026-03-28 10:41:03] wait[case141_fedgrid_ablation_custom_rr_20260327_ms3] suite is still running.
[2026-03-28 10:46:11] wait[case141_fedgrid_ablation_custom_rr_20260327_ms3] suite is still running.
[2026-03-28 10:51:20] wait[case141_fedgrid_ablation_custom_rr_20260327_ms3] suite is still running.
[2026-03-28 10:56:29] wait[case141_fedgrid_ablation_custom_rr_20260327_ms3] suite is still running.
[2026-03-28 11:01:38] wait[case141_fedgrid_ablation_custom_rr_20260327_ms3] suite is still running.
[2026-03-28 11:06:47] wait[case141_fedgrid_ablation_custom_rr_20260327_ms3] suite is still running.
[2026-03-28 11:11:55] wait[case141_fedgrid_ablation_custom_rr_20260327_ms3] suite is still running.
[2026-03-28 11:17:04] wait[case141_fedgrid_ablation_custom_rr_20260327_ms3] suite is still running.
[2026-03-28 11:22:14] wait[case141_fedgrid_ablation_custom_rr_20260327_ms3] suite is still running.
[2026-03-28 11:27:23] wait[case141_fedgrid_ablation_custom_rr_20260327_ms3] suite is still running.
[2026-03-28 11:32:32] wait[case141_fedgrid_ablation_custom_rr_20260327_ms3] suite is still running.
[2026-03-28 11:37:41] wait[case141_fedgrid_ablation_custom_rr_20260327_ms3] suite is still running.
[2026-03-28 11:42:50] wait[case141_fedgrid_ablation_custom_rr_20260327_ms3] suite is still running.
[2026-03-28 11:47:59] wait[case141_fedgrid_ablation_custom_rr_20260327_ms3] suite is still running.
[2026-03-28 11:53:08] wait[case141_fedgrid_ablation_custom_rr_20260327_ms3] suite is still running.
[2026-03-28 11:58:17] wait[case141_fedgrid_ablation_custom_rr_20260327_ms3] suite is still running.
[2026-03-28 12:03:26] wait[case141_fedgrid_ablation_custom_rr_20260327_ms3] suite is still running.
[2026-03-28 12:08:35] wait[case141_fedgrid_ablation_custom_rr_20260327_ms3] suite is still running.
[2026-03-28 12:13:44] wait[case141_fedgrid_ablation_custom_rr_20260327_ms3] suite is still running.
[2026-03-28 12:18:53] wait[case141_fedgrid_ablation_custom_rr_20260327_ms3] suite is still running.
[2026-03-28 12:24:02] wait[case141_fedgrid_ablation_custom_rr_20260327_ms3] suite is still running.
[2026-03-28 12:29:12] wait[case141_fedgrid_ablation_custom_rr_20260327_ms3] suite is still running.
[2026-03-28 12:34:21] wait[case141_fedgrid_ablation_custom_rr_20260327_ms3] suite is still running.
[2026-03-28 12:39:30] wait[case141_fedgrid_ablation_custom_rr_20260327_ms3] suite is still running.
[2026-03-28 12:44:39] wait[case141_fedgrid_ablation_custom_rr_20260327_ms3] suite is still running.
[2026-03-28 12:49:47] wait[case141_fedgrid_ablation_custom_rr_20260327_ms3] suite is still running.
[2026-03-28 12:54:56] wait[case141_fedgrid_ablation_custom_rr_20260327_ms3] suite is still running.
[2026-03-28 13:00:05] wait[case141_fedgrid_ablation_custom_rr_20260327_ms3] suite is still running.
[2026-03-28 13:05:14] wait[case141_fedgrid_ablation_custom_rr_20260327_ms3] suite is still running.
[2026-03-28 13:10:23] wait[case141_fedgrid_ablation_custom_rr_20260327_ms3] suite is still running.
[2026-03-28 13:15:32] wait[case141_fedgrid_ablation_custom_rr_20260327_ms3] suite is still running.
[2026-03-28 13:20:41] wait[case141_fedgrid_ablation_custom_rr_20260327_ms3] suite is still running.
[2026-03-28 13:25:50] wait[case141_fedgrid_ablation_custom_rr_20260327_ms3] suite is still running.
[2026-03-28 13:30:59] wait[case141_fedgrid_ablation_custom_rr_20260327_ms3] suite is still running.
[2026-03-28 13:36:08] wait[case141_fedgrid_ablation_custom_rr_20260327_ms3] suite is still running.
[2026-03-28 13:41:17] wait[case141_fedgrid_ablation_custom_rr_20260327_ms3] suite is still running.
[2026-03-28 13:46:26] wait[case141_fedgrid_ablation_custom_rr_20260327_ms3] suite is still running.
[2026-03-28 13:51:36] wait[case141_fedgrid_ablation_custom_rr_20260327_ms3] suite is still running.
[2026-03-28 13:56:45] wait[case141_fedgrid_ablation_custom_rr_20260327_ms3] suite is still running.
[2026-03-28 14:01:54] wait[case141_fedgrid_ablation_custom_rr_20260327_ms3] suite is still running.
[2026-03-28 14:07:03] wait[case141_fedgrid_ablation_custom_rr_20260327_ms3] suite is still running.
[2026-03-28 14:12:12] wait[case141_fedgrid_ablation_custom_rr_20260327_ms3] suite is still running.
