============================================================
🚀 Start Training GNN-FMASAC: 141
   Architecture: Graph Convolutional Mixer (Topology Aware)
   Batch=64, ActorLR=0.0003, CriticLR=0.0003, Gamma=0.9
============================================================
[Env] 正在通过 Python Loader 构建 case141 网络...
[Env] 已添加 14 个 PV (2.0 MVA) 和 5 个 SVC。
[Env] Case 141 网络构建及缓存完成。
[Env] 正在通过 Python Loader 构建 case141 网络...
[Env] 已添加 14 个 PV (2.0 MVA) 和 5 个 SVC。
[Env] Case 141 网络构建及缓存完成。
[GNN] Building agent adjacency for GraphMixer...
[GNN Utils] Agent Adjacency Matrix Constructed. mode=inv_z, normalize=True, shape=(4, 4)
[GNN Utils] Agent Adjacency Matrix Constructed. mode=inv_z, normalize=True, shape=(4, 4)
Epoch 0 [WARMUP]: RewardSum -15.26 | Reward/Step -0.16, Loss 0.3973 MW, Alpha 0.200
  --> Validation: Sum -9.60 | PerStep -0.10 (Best: -inf)
[GNN Utils] Agent Adjacency Matrix Constructed. mode=inv_z, normalize=True, shape=(4, 4)
Epoch 1 [WARMUP]: RewardSum -15.75 | Reward/Step -0.16, Loss 0.4102 MW, Alpha 0.200
[GNN Utils] Agent Adjacency Matrix Constructed. mode=inv_z, normalize=True, shape=(4, 4)
Epoch 2 [WARMUP]: RewardSum -16.79 | Reward/Step -0.17, Loss 0.4371 MW, Alpha 0.200
[GNN Utils] Agent Adjacency Matrix Constructed. mode=inv_z, normalize=True, shape=(4, 4)
Epoch 3 [WARMUP]: RewardSum -14.38 | Reward/Step -0.15, Loss 0.3744 MW, Alpha 0.200
[GNN Utils] Agent Adjacency Matrix Constructed. mode=inv_z, normalize=True, shape=(4, 4)
Epoch 4 [WARMUP]: RewardSum -15.19 | Reward/Step -0.16, Loss 0.3955 MW, Alpha 0.200
[GNN Utils] Agent Adjacency Matrix Constructed. mode=inv_z, normalize=True, shape=(4, 4)
Epoch 5 [WARMUP]: RewardSum -15.12 | Reward/Step -0.16, Loss 0.3938 MW, Alpha 0.200
  --> Validation: Sum -9.77 | PerStep -0.10 (Best: -9.60)
[GNN Utils] Agent Adjacency Matrix Constructed. mode=inv_z, normalize=True, shape=(4, 4)
Epoch 6 [WARMUP]: RewardSum -14.01 | Reward/Step -0.15, Loss 0.3648 MW, Alpha 0.200
[GNN Utils] Agent Adjacency Matrix Constructed. mode=inv_z, normalize=True, shape=(4, 4)
Epoch 7 [WARMUP]: RewardSum -15.58 | Reward/Step -0.16, Loss 0.4056 MW, Alpha 0.200
[GNN Utils] Agent Adjacency Matrix Constructed. mode=inv_z, normalize=True, shape=(4, 4)
Epoch 8 [WARMUP]: RewardSum -16.65 | Reward/Step -0.17, Loss 0.4335 MW, Alpha 0.200
[GNN Utils] Agent Adjacency Matrix Constructed. mode=inv_z, normalize=True, shape=(4, 4)
Epoch 9 [WARMUP]: RewardSum -15.64 | Reward/Step -0.16, Loss 0.4072 MW, Alpha 0.200
[GNN Utils] Agent Adjacency Matrix Constructed. mode=inv_z, normalize=True, shape=(4, 4)
Epoch 10 [WARMUP]: RewardSum -14.59 | Reward/Step -0.15, Loss 0.3799 MW, Alpha 0.200
  --> Validation: Sum -9.67 | PerStep -0.10 (Best: -9.60)
[GNN Utils] Agent Adjacency Matrix Constructed. mode=inv_z, normalize=True, shape=(4, 4)
Epoch 11 [WARMUP]: RewardSum -14.50 | Reward/Step -0.15, Loss 0.3775 MW, Alpha 0.200
[GNN Utils] Agent Adjacency Matrix Constructed. mode=inv_z, normalize=True, shape=(4, 4)
Epoch 12 [WARMUP]: RewardSum -14.51 | Reward/Step -0.15, Loss 0.3779 MW, Alpha 0.200
[GNN Utils] Agent Adjacency Matrix Constructed. mode=inv_z, normalize=True, shape=(4, 4)
Epoch 13 [WARMUP]: RewardSum -15.71 | Reward/Step -0.16, Loss 0.4090 MW, Alpha 0.200
[GNN Utils] Agent Adjacency Matrix Constructed. mode=inv_z, normalize=True, shape=(4, 4)
Epoch 14 [WARMUP]: RewardSum -16.04 | Reward/Step -0.17, Loss 0.4178 MW, Alpha 0.200
[GNN Utils] Agent Adjacency Matrix Constructed. mode=inv_z, normalize=True, shape=(4, 4)
Epoch 15 [WARMUP]: RewardSum -16.00 | Reward/Step -0.17, Loss 0.4166 MW, Alpha 0.200
  --> Validation: Sum -9.65 | PerStep -0.10 (Best: -9.60)
[GNN Utils] Agent Adjacency Matrix Constructed. mode=inv_z, normalize=True, shape=(4, 4)
Epoch 16 [WARMUP]: RewardSum -16.61 | Reward/Step -0.17, Loss 0.4325 MW, Alpha 0.200
[GNN Utils] Agent Adjacency Matrix Constructed. mode=inv_z, normalize=True, shape=(4, 4)
Epoch 17 [WARMUP]: RewardSum -15.73 | Reward/Step -0.16, Loss 0.4097 MW, Alpha 0.200
[GNN Utils] Agent Adjacency Matrix Constructed. mode=inv_z, normalize=True, shape=(4, 4)
Epoch 18 [WARMUP]: RewardSum -14.76 | Reward/Step -0.15, Loss 0.3843 MW, Alpha 0.200
[GNN Utils] Agent Adjacency Matrix Constructed. mode=inv_z, normalize=True, shape=(4, 4)
Epoch 19 [WARMUP]: RewardSum -15.41 | Reward/Step -0.16, Loss 0.4012 MW, Alpha 0.200
[GNN Utils] Agent Adjacency Matrix Constructed. mode=inv_z, normalize=True, shape=(4, 4)
Epoch 20 [TRAIN]: RewardSum -15.17 | Reward/Step -0.16, Loss 0.3950 MW, Alpha 0.200
  --> Validation: Sum -9.70 | PerStep -0.10 (Best: -9.60)
[GNN Utils] Agent Adjacency Matrix Constructed. mode=inv_z, normalize=True, shape=(4, 4)
Epoch 21 [TRAIN]: RewardSum -14.49 | Reward/Step -0.15, Loss 0.3772 MW, Alpha 0.195
[GNN Utils] Agent Adjacency Matrix Constructed. mode=inv_z, normalize=True, shape=(4, 4)
Epoch 22 [TRAIN]: RewardSum -13.30 | Reward/Step -0.14, Loss 0.3463 MW, Alpha 0.190
[GNN Utils] Agent Adjacency Matrix Constructed. mode=inv_z, normalize=True, shape=(4, 4)
Epoch 23 [TRAIN]: RewardSum -12.84 | Reward/Step -0.13, Loss 0.3343 MW, Alpha 0.185
[GNN Utils] Agent Adjacency Matrix Constructed. mode=inv_z, normalize=True, shape=(4, 4)
Epoch 24 [TRAIN]: RewardSum -14.16 | Reward/Step -0.15, Loss 0.3689 MW, Alpha 0.180
[GNN Utils] Agent Adjacency Matrix Constructed. mode=inv_z, normalize=True, shape=(4, 4)
Epoch 25 [TRAIN]: RewardSum -13.07 | Reward/Step -0.14, Loss 0.3404 MW, Alpha 0.178
  --> Validation: Sum -5.91 | PerStep -0.06 (Best: -9.60)
[GNN Utils] Agent Adjacency Matrix Constructed. mode=inv_z, normalize=True, shape=(4, 4)
Epoch 26 [TRAIN]: RewardSum -13.67 | Reward/Step -0.14, Loss 0.3560 MW, Alpha 0.173
[GNN Utils] Agent Adjacency Matrix Constructed. mode=inv_z, normalize=True, shape=(4, 4)
Epoch 27 [TRAIN]: RewardSum -13.16 | Reward/Step -0.14, Loss 0.3427 MW, Alpha 0.169
[GNN Utils] Agent Adjacency Matrix Constructed. mode=inv_z, normalize=True, shape=(4, 4)
Epoch 28 [TRAIN]: RewardSum -14.14 | Reward/Step -0.15, Loss 0.3683 MW, Alpha 0.165
[GNN Utils] Agent Adjacency Matrix Constructed. mode=inv_z, normalize=True, shape=(4, 4)
Epoch 29 [TRAIN]: RewardSum -12.97 | Reward/Step -0.14, Loss 0.3379 MW, Alpha 0.161
[GNN Utils] Agent Adjacency Matrix Constructed. mode=inv_z, normalize=True, shape=(4, 4)
Epoch 30 [TRAIN]: RewardSum -13.24 | Reward/Step -0.14, Loss 0.3449 MW, Alpha 0.157
  --> Validation: Sum -4.60 | PerStep -0.05 (Best: -5.91)
[GNN Utils] Agent Adjacency Matrix Constructed. mode=inv_z, normalize=True, shape=(4, 4)
Epoch 31 [TRAIN]: RewardSum -14.13 | Reward/Step -0.15, Loss 0.3679 MW, Alpha 0.153
[GNN Utils] Agent Adjacency Matrix Constructed. mode=inv_z, normalize=True, shape=(4, 4)
Epoch 32 [TRAIN]: RewardSum -12.62 | Reward/Step -0.13, Loss 0.3286 MW, Alpha 0.150
[GNN Utils] Agent Adjacency Matrix Constructed. mode=inv_z, normalize=True, shape=(4, 4)
Epoch 33 [TRAIN]: RewardSum -11.71 | Reward/Step -0.12, Loss 0.3048 MW, Alpha 0.147
[GNN Utils] Agent Adjacency Matrix Constructed. mode=inv_z, normalize=True, shape=(4, 4)
Epoch 34 [TRAIN]: RewardSum -13.56 | Reward/Step -0.14, Loss 0.3532 MW, Alpha 0.143
[GNN Utils] Agent Adjacency Matrix Constructed. mode=inv_z, normalize=True, shape=(4, 4)
Epoch 35 [TRAIN]: RewardSum -12.05 | Reward/Step -0.13, Loss 0.3139 MW, Alpha 0.140
  --> Validation: Sum -4.16 | PerStep -0.04 (Best: -4.60)
[GNN Utils] Agent Adjacency Matrix Constructed. mode=inv_z, normalize=True, shape=(4, 4)
Epoch 36 [TRAIN]: RewardSum -12.36 | Reward/Step -0.13, Loss 0.3219 MW, Alpha 0.137
[GNN Utils] Agent Adjacency Matrix Constructed. mode=inv_z, normalize=True, shape=(4, 4)
Epoch 37 [TRAIN]: RewardSum -11.02 | Reward/Step -0.11, Loss 0.2871 MW, Alpha 0.136
[GNN Utils] Agent Adjacency Matrix Constructed. mode=inv_z, normalize=True, shape=(4, 4)
Epoch 38 [TRAIN]: RewardSum -13.21 | Reward/Step -0.14, Loss 0.3440 MW, Alpha 0.133
[GNN Utils] Agent Adjacency Matrix Constructed. mode=inv_z, normalize=True, shape=(4, 4)
Epoch 39 [TRAIN]: RewardSum -12.25 | Reward/Step -0.13, Loss 0.3190 MW, Alpha 0.130
[GNN Utils] Agent Adjacency Matrix Constructed. mode=inv_z, normalize=True, shape=(4, 4)
Epoch 40 [TRAIN]: RewardSum -12.45 | Reward/Step -0.13, Loss 0.3243 MW, Alpha 0.128
  --> Validation: Sum -4.53 | PerStep -0.05 (Best: -4.16)
[GNN Utils] Agent Adjacency Matrix Constructed. mode=inv_z, normalize=True, shape=(4, 4)
Epoch 41 [TRAIN]: RewardSum -14.00 | Reward/Step -0.15, Loss 0.3646 MW, Alpha 0.125
[GNN Utils] Agent Adjacency Matrix Constructed. mode=inv_z, normalize=True, shape=(4, 4)
Epoch 42 [TRAIN]: RewardSum -12.02 | Reward/Step -0.13, Loss 0.3131 MW, Alpha 0.123
[GNN Utils] Agent Adjacency Matrix Constructed. mode=inv_z, normalize=True, shape=(4, 4)
Epoch 43 [TRAIN]: RewardSum -11.58 | Reward/Step -0.12, Loss 0.3017 MW, Alpha 0.121
[GNN Utils] Agent Adjacency Matrix Constructed. mode=inv_z, normalize=True, shape=(4, 4)
Epoch 44 [TRAIN]: RewardSum -10.92 | Reward/Step -0.11, Loss 0.2844 MW, Alpha 0.119
[GNN Utils] Agent Adjacency Matrix Constructed. mode=inv_z, normalize=True, shape=(4, 4)
Epoch 45 [TRAIN]: RewardSum -10.21 | Reward/Step -0.11, Loss 0.2660 MW, Alpha 0.117
  --> Validation: Sum -3.85 | PerStep -0.04 (Best: -4.16)
[GNN Utils] Agent Adjacency Matrix Constructed. mode=inv_z, normalize=True, shape=(4, 4)
Epoch 46 [TRAIN]: RewardSum -11.78 | Reward/Step -0.12, Loss 0.3068 MW, Alpha 0.115
[GNN Utils] Agent Adjacency Matrix Constructed. mode=inv_z, normalize=True, shape=(4, 4)
Epoch 47 [TRAIN]: RewardSum -10.89 | Reward/Step -0.11, Loss 0.2836 MW, Alpha 0.113
[GNN Utils] Agent Adjacency Matrix Constructed. mode=inv_z, normalize=True, shape=(4, 4)
Epoch 48 [TRAIN]: RewardSum -11.21 | Reward/Step -0.12, Loss 0.2920 MW, Alpha 0.111
[GNN Utils] Agent Adjacency Matrix Constructed. mode=inv_z, normalize=True, shape=(4, 4)
Epoch 49 [TRAIN]: RewardSum -13.33 | Reward/Step -0.14, Loss 0.3471 MW, Alpha 0.109
[GNN Utils] Agent Adjacency Matrix Constructed. mode=inv_z, normalize=True, shape=(4, 4)
Epoch 50 [TRAIN]: RewardSum -11.14 | Reward/Step -0.12, Loss 0.2901 MW, Alpha 0.108
  --> Validation: Sum -3.53 | PerStep -0.04 (Best: -3.85)
[GNN Utils] Agent Adjacency Matrix Constructed. mode=inv_z, normalize=True, shape=(4, 4)
Epoch 51 [TRAIN]: RewardSum -10.23 | Reward/Step -0.11, Loss 0.2665 MW, Alpha 0.107
[GNN Utils] Agent Adjacency Matrix Constructed. mode=inv_z, normalize=True, shape=(4, 4)
Epoch 52 [TRAIN]: RewardSum -12.96 | Reward/Step -0.13, Loss 0.3374 MW, Alpha 0.105
[GNN Utils] Agent Adjacency Matrix Constructed. mode=inv_z, normalize=True, shape=(4, 4)
Epoch 53 [TRAIN]: RewardSum -10.72 | Reward/Step -0.11, Loss 0.2792 MW, Alpha 0.104
[GNN Utils] Agent Adjacency Matrix Constructed. mode=inv_z, normalize=True, shape=(4, 4)
Epoch 54 [TRAIN]: RewardSum -11.23 | Reward/Step -0.12, Loss 0.2925 MW, Alpha 0.103
[GNN Utils] Agent Adjacency Matrix Constructed. mode=inv_z, normalize=True, shape=(4, 4)
Epoch 55 [TRAIN]: RewardSum -11.96 | Reward/Step -0.12, Loss 0.3115 MW, Alpha 0.101
  --> Validation: Sum -3.68 | PerStep -0.04 (Best: -3.53)
[GNN Utils] Agent Adjacency Matrix Constructed. mode=inv_z, normalize=True, shape=(4, 4)
Epoch 56 [TRAIN]: RewardSum -10.77 | Reward/Step -0.11, Loss 0.2804 MW, Alpha 0.100
[GNN Utils] Agent Adjacency Matrix Constructed. mode=inv_z, normalize=True, shape=(4, 4)
Epoch 57 [TRAIN]: RewardSum -12.29 | Reward/Step -0.13, Loss 0.3201 MW, Alpha 0.099
[GNN Utils] Agent Adjacency Matrix Constructed. mode=inv_z, normalize=True, shape=(4, 4)
Epoch 58 [TRAIN]: RewardSum -10.38 | Reward/Step -0.11, Loss 0.2703 MW, Alpha 0.098
[GNN Utils] Agent Adjacency Matrix Constructed. mode=inv_z, normalize=True, shape=(4, 4)
Epoch 59 [TRAIN]: RewardSum -11.07 | Reward/Step -0.12, Loss 0.2883 MW, Alpha 0.097
[GNN Utils] Agent Adjacency Matrix Constructed. mode=inv_z, normalize=True, shape=(4, 4)
Epoch 60 [TRAIN]: RewardSum -12.40 | Reward/Step -0.13, Loss 0.3230 MW, Alpha 0.096
  --> Validation: Sum -3.57 | PerStep -0.04 (Best: -3.53)
[GNN Utils] Agent Adjacency Matrix Constructed. mode=inv_z, normalize=True, shape=(4, 4)
Epoch 61 [TRAIN]: RewardSum -11.44 | Reward/Step -0.12, Loss 0.2980 MW, Alpha 0.095
[GNN Utils] Agent Adjacency Matrix Constructed. mode=inv_z, normalize=True, shape=(4, 4)
Epoch 62 [TRAIN]: RewardSum -10.46 | Reward/Step -0.11, Loss 0.2724 MW, Alpha 0.094
[GNN Utils] Agent Adjacency Matrix Constructed. mode=inv_z, normalize=True, shape=(4, 4)
Epoch 63 [TRAIN]: RewardSum -10.73 | Reward/Step -0.11, Loss 0.2795 MW, Alpha 0.093
[GNN Utils] Agent Adjacency Matrix Constructed. mode=inv_z, normalize=True, shape=(4, 4)
Epoch 64 [TRAIN]: RewardSum -11.02 | Reward/Step -0.11, Loss 0.2870 MW, Alpha 0.092
[GNN Utils] Agent Adjacency Matrix Constructed. mode=inv_z, normalize=True, shape=(4, 4)
Epoch 65 [TRAIN]: RewardSum -10.45 | Reward/Step -0.11, Loss 0.2722 MW, Alpha 0.092
  --> Validation: Sum -3.44 | PerStep -0.04 (Best: -3.53)
[GNN Utils] Agent Adjacency Matrix Constructed. mode=inv_z, normalize=True, shape=(4, 4)
Epoch 66 [TRAIN]: RewardSum -10.54 | Reward/Step -0.11, Loss 0.2745 MW, Alpha 0.091
[GNN Utils] Agent Adjacency Matrix Constructed. mode=inv_z, normalize=True, shape=(4, 4)
Epoch 67 [TRAIN]: RewardSum -11.72 | Reward/Step -0.12, Loss 0.3053 MW, Alpha 0.090
[GNN Utils] Agent Adjacency Matrix Constructed. mode=inv_z, normalize=True, shape=(4, 4)
Epoch 68 [TRAIN]: RewardSum -9.62 | Reward/Step -0.10, Loss 0.2504 MW, Alpha 0.090
[GNN Utils] Agent Adjacency Matrix Constructed. mode=inv_z, normalize=True, shape=(4, 4)
Epoch 69 [TRAIN]: RewardSum -10.85 | Reward/Step -0.11, Loss 0.2825 MW, Alpha 0.089
[GNN Utils] Agent Adjacency Matrix Constructed. mode=inv_z, normalize=True, shape=(4, 4)
Epoch 70 [TRAIN]: RewardSum -11.18 | Reward/Step -0.12, Loss 0.2911 MW, Alpha 0.088
  --> Validation: Sum -3.22 | PerStep -0.03 (Best: -3.44)
[GNN Utils] Agent Adjacency Matrix Constructed. mode=inv_z, normalize=True, shape=(4, 4)
Epoch 71 [TRAIN]: RewardSum -11.75 | Reward/Step -0.12, Loss 0.3060 MW, Alpha 0.088
[GNN Utils] Agent Adjacency Matrix Constructed. mode=inv_z, normalize=True, shape=(4, 4)
Epoch 72 [TRAIN]: RewardSum -11.16 | Reward/Step -0.12, Loss 0.2906 MW, Alpha 0.087
[GNN Utils] Agent Adjacency Matrix Constructed. mode=inv_z, normalize=True, shape=(4, 4)
Epoch 73 [TRAIN]: RewardSum -10.78 | Reward/Step -0.11, Loss 0.2806 MW, Alpha 0.087
[GNN Utils] Agent Adjacency Matrix Constructed. mode=inv_z, normalize=True, shape=(4, 4)
Epoch 74 [TRAIN]: RewardSum -9.77 | Reward/Step -0.10, Loss 0.2545 MW, Alpha 0.087
[GNN Utils] Agent Adjacency Matrix Constructed. mode=inv_z, normalize=True, shape=(4, 4)
Epoch 75 [TRAIN]: RewardSum -11.28 | Reward/Step -0.12, Loss 0.2939 MW, Alpha 0.086
  --> Validation: Sum -3.32 | PerStep -0.03 (Best: -3.22)
[GNN Utils] Agent Adjacency Matrix Constructed. mode=inv_z, normalize=True, shape=(4, 4)
Epoch 76 [TRAIN]: RewardSum -10.93 | Reward/Step -0.11, Loss 0.2846 MW, Alpha 0.086
[GNN Utils] Agent Adjacency Matrix Constructed. mode=inv_z, normalize=True, shape=(4, 4)
Epoch 77 [TRAIN]: RewardSum -10.55 | Reward/Step -0.11, Loss 0.2747 MW, Alpha 0.086
[GNN Utils] Agent Adjacency Matrix Constructed. mode=inv_z, normalize=True, shape=(4, 4)
Epoch 78 [TRAIN]: RewardSum -10.74 | Reward/Step -0.11, Loss 0.2797 MW, Alpha 0.085
[GNN Utils] Agent Adjacency Matrix Constructed. mode=inv_z, normalize=True, shape=(4, 4)
Epoch 79 [TRAIN]: RewardSum -10.98 | Reward/Step -0.11, Loss 0.2859 MW, Alpha 0.085
[GNN Utils] Agent Adjacency Matrix Constructed. mode=inv_z, normalize=True, shape=(4, 4)
Epoch 80 [TRAIN]: RewardSum -10.66 | Reward/Step -0.11, Loss 0.2777 MW, Alpha 0.085
  --> Validation: Sum -3.39 | PerStep -0.04 (Best: -3.22)
[GNN Utils] Agent Adjacency Matrix Constructed. mode=inv_z, normalize=True, shape=(4, 4)
Epoch 81 [TRAIN]: RewardSum -10.41 | Reward/Step -0.11, Loss 0.2711 MW, Alpha 0.084
[GNN Utils] Agent Adjacency Matrix Constructed. mode=inv_z, normalize=True, shape=(4, 4)
Epoch 82 [TRAIN]: RewardSum -11.21 | Reward/Step -0.12, Loss 0.2919 MW, Alpha 0.084
[GNN Utils] Agent Adjacency Matrix Constructed. mode=inv_z, normalize=True, shape=(4, 4)
Epoch 83 [TRAIN]: RewardSum -11.42 | Reward/Step -0.12, Loss 0.2975 MW, Alpha 0.084
[GNN Utils] Agent Adjacency Matrix Constructed. mode=inv_z, normalize=True, shape=(4, 4)
Epoch 84 [TRAIN]: RewardSum -10.54 | Reward/Step -0.11, Loss 0.2744 MW, Alpha 0.084
[GNN Utils] Agent Adjacency Matrix Constructed. mode=inv_z, normalize=True, shape=(4, 4)
Epoch 85 [TRAIN]: RewardSum -11.76 | Reward/Step -0.12, Loss 0.3062 MW, Alpha 0.084
  --> Validation: Sum -3.36 | PerStep -0.04 (Best: -3.22)
[GNN Utils] Agent Adjacency Matrix Constructed. mode=inv_z, normalize=True, shape=(4, 4)
Epoch 86 [TRAIN]: RewardSum -11.11 | Reward/Step -0.12, Loss 0.2892 MW, Alpha 0.084
[GNN Utils] Agent Adjacency Matrix Constructed. mode=inv_z, normalize=True, shape=(4, 4)
Epoch 87 [TRAIN]: RewardSum -10.58 | Reward/Step -0.11, Loss 0.2755 MW, Alpha 0.084
[GNN Utils] Agent Adjacency Matrix Constructed. mode=inv_z, normalize=True, shape=(4, 4)
Epoch 88 [TRAIN]: RewardSum -11.53 | Reward/Step -0.12, Loss 0.3002 MW, Alpha 0.083
[GNN Utils] Agent Adjacency Matrix Constructed. mode=inv_z, normalize=True, shape=(4, 4)
Epoch 89 [TRAIN]: RewardSum -9.53 | Reward/Step -0.10, Loss 0.2482 MW, Alpha 0.083
[GNN Utils] Agent Adjacency Matrix Constructed. mode=inv_z, normalize=True, shape=(4, 4)
Epoch 90 [TRAIN]: RewardSum -10.53 | Reward/Step -0.11, Loss 0.2743 MW, Alpha 0.083
  --> Validation: Sum -3.26 | PerStep -0.03 (Best: -3.22)
[GNN Utils] Agent Adjacency Matrix Constructed. mode=inv_z, normalize=True, shape=(4, 4)
Epoch 91 [TRAIN]: RewardSum -10.60 | Reward/Step -0.11, Loss 0.2761 MW, Alpha 0.083
[GNN Utils] Agent Adjacency Matrix Constructed. mode=inv_z, normalize=True, shape=(4, 4)
Epoch 92 [TRAIN]: RewardSum -12.00 | Reward/Step -0.13, Loss 0.3125 MW, Alpha 0.083
[GNN Utils] Agent Adjacency Matrix Constructed. mode=inv_z, normalize=True, shape=(4, 4)
Epoch 93 [TRAIN]: RewardSum -11.60 | Reward/Step -0.12, Loss 0.3021 MW, Alpha 0.083
[GNN Utils] Agent Adjacency Matrix Constructed. mode=inv_z, normalize=True, shape=(4, 4)
Epoch 94 [TRAIN]: RewardSum -11.02 | Reward/Step -0.11, Loss 0.2869 MW, Alpha 0.083
[GNN Utils] Agent Adjacency Matrix Constructed. mode=inv_z, normalize=True, shape=(4, 4)
Epoch 95 [TRAIN]: RewardSum -11.21 | Reward/Step -0.12, Loss 0.2920 MW, Alpha 0.083
  --> Validation: Sum -3.18 | PerStep -0.03 (Best: -3.22)
[GNN Utils] Agent Adjacency Matrix Constructed. mode=inv_z, normalize=True, shape=(4, 4)
Epoch 96 [TRAIN]: RewardSum -11.35 | Reward/Step -0.12, Loss 0.2955 MW, Alpha 0.083
[GNN Utils] Agent Adjacency Matrix Constructed. mode=inv_z, normalize=True, shape=(4, 4)
Epoch 97 [TRAIN]: RewardSum -11.46 | Reward/Step -0.12, Loss 0.2983 MW, Alpha 0.083
[GNN Utils] Agent Adjacency Matrix Constructed. mode=inv_z, normalize=True, shape=(4, 4)
Epoch 98 [TRAIN]: RewardSum -11.82 | Reward/Step -0.12, Loss 0.3078 MW, Alpha 0.083
[GNN Utils] Agent Adjacency Matrix Constructed. mode=inv_z, normalize=True, shape=(4, 4)
Epoch 99 [TRAIN]: RewardSum -11.33 | Reward/Step -0.12, Loss 0.2952 MW, Alpha 0.083
============================================================
🚀 Start Training GNN-FMASAC: 141
   Architecture: Graph Convolutional Mixer (Topology Aware)
   Batch=64, ActorLR=0.0003, CriticLR=0.0003, Gamma=0.9
============================================================
[Env] 正在通过 Python Loader 构建 case141 网络...
[Env] 已添加 14 个 PV (2.0 MVA) 和 5 个 SVC。
[Env] Case 141 网络构建及缓存完成。
[Env] 正在通过 Python Loader 构建 case141 网络...
[Env] 已添加 14 个 PV (2.0 MVA) 和 5 个 SVC。
[Env] Case 141 网络构建及缓存完成。
[GNN] Building agent adjacency for GraphMixer...
[GNN Utils] Agent Adjacency Matrix Constructed. mode=inv_z, normalize=True, shape=(4, 4)
[GNN Utils] Agent Adjacency Matrix Constructed. mode=inv_z, normalize=True, shape=(4, 4)
Epoch 0 [WARMUP]: RewardSum -14.78 | Reward/Step -0.15, Loss 0.3850 MW, Alpha 0.200
[GNN Utils] Agent Adjacency Matrix Constructed. mode=inv_z, normalize=True, shape=(4, 4)
  --> Validation: Sum -5.01 | PerStep -0.05 (Best: -inf)
[GNN Utils] Agent Adjacency Matrix Constructed. mode=inv_z, normalize=True, shape=(4, 4)
Epoch 1 [WARMUP]: RewardSum -14.96 | Reward/Step -0.16, Loss 0.3897 MW, Alpha 0.200
[GNN Utils] Agent Adjacency Matrix Constructed. mode=inv_z, normalize=True, shape=(4, 4)
[GNN Utils] Agent Adjacency Matrix Constructed. mode=inv_z, normalize=True, shape=(4, 4)
Epoch 2 [WARMUP]: RewardSum -15.76 | Reward/Step -0.16, Loss 0.4104 MW, Alpha 0.200
[GNN Utils] Agent Adjacency Matrix Constructed. mode=inv_z, normalize=True, shape=(4, 4)
[GNN Utils] Agent Adjacency Matrix Constructed. mode=inv_z, normalize=True, shape=(4, 4)
Epoch 3 [WARMUP]: RewardSum -15.21 | Reward/Step -0.16, Loss 0.3961 MW, Alpha 0.200
[GNN Utils] Agent Adjacency Matrix Constructed. mode=inv_z, normalize=True, shape=(4, 4)
[GNN Utils] Agent Adjacency Matrix Constructed. mode=inv_z, normalize=True, shape=(4, 4)
Epoch 4 [WARMUP]: RewardSum -15.68 | Reward/Step -0.16, Loss 0.4082 MW, Alpha 0.200
[GNN Utils] Agent Adjacency Matrix Constructed. mode=inv_z, normalize=True, shape=(4, 4)
[GNN Utils] Agent Adjacency Matrix Constructed. mode=inv_z, normalize=True, shape=(4, 4)
Epoch 5 [WARMUP]: RewardSum -13.84 | Reward/Step -0.14, Loss 0.3603 MW, Alpha 0.200
[GNN Utils] Agent Adjacency Matrix Constructed. mode=inv_z, normalize=True, shape=(4, 4)
  --> Validation: Sum -6.78 | PerStep -0.07 (Best: -5.01)
[GNN Utils] Agent Adjacency Matrix Constructed. mode=inv_z, normalize=True, shape=(4, 4)
Epoch 6 [WARMUP]: RewardSum -14.40 | Reward/Step -0.15, Loss 0.3751 MW, Alpha 0.200
[GNN Utils] Agent Adjacency Matrix Constructed. mode=inv_z, normalize=True, shape=(4, 4)
[GNN Utils] Agent Adjacency Matrix Constructed. mode=inv_z, normalize=True, shape=(4, 4)
Epoch 7 [WARMUP]: RewardSum -14.89 | Reward/Step -0.16, Loss 0.3878 MW, Alpha 0.200
[GNN Utils] Agent Adjacency Matrix Constructed. mode=inv_z, normalize=True, shape=(4, 4)
[GNN Utils] Agent Adjacency Matrix Constructed. mode=inv_z, normalize=True, shape=(4, 4)
Epoch 8 [WARMUP]: RewardSum -15.27 | Reward/Step -0.16, Loss 0.3977 MW, Alpha 0.200
[GNN Utils] Agent Adjacency Matrix Constructed. mode=inv_z, normalize=True, shape=(4, 4)
[GNN Utils] Agent Adjacency Matrix Constructed. mode=inv_z, normalize=True, shape=(4, 4)
Epoch 9 [WARMUP]: RewardSum -14.18 | Reward/Step -0.15, Loss 0.3692 MW, Alpha 0.200
[GNN Utils] Agent Adjacency Matrix Constructed. mode=inv_z, normalize=True, shape=(4, 4)
[GNN Utils] Agent Adjacency Matrix Constructed. mode=inv_z, normalize=True, shape=(4, 4)
Epoch 10 [WARMUP]: RewardSum -15.12 | Reward/Step -0.16, Loss 0.3938 MW, Alpha 0.200
[GNN Utils] Agent Adjacency Matrix Constructed. mode=inv_z, normalize=True, shape=(4, 4)
  --> Validation: Sum -7.20 | PerStep -0.08 (Best: -5.01)
[GNN Utils] Agent Adjacency Matrix Constructed. mode=inv_z, normalize=True, shape=(4, 4)
Epoch 11 [WARMUP]: RewardSum -16.45 | Reward/Step -0.17, Loss 0.4284 MW, Alpha 0.200
[GNN Utils] Agent Adjacency Matrix Constructed. mode=inv_z, normalize=True, shape=(4, 4)
[GNN Utils] Agent Adjacency Matrix Constructed. mode=inv_z, normalize=True, shape=(4, 4)
Epoch 12 [WARMUP]: RewardSum -14.55 | Reward/Step -0.15, Loss 0.3790 MW, Alpha 0.200
[GNN Utils] Agent Adjacency Matrix Constructed. mode=inv_z, normalize=True, shape=(4, 4)
[GNN Utils] Agent Adjacency Matrix Constructed. mode=inv_z, normalize=True, shape=(4, 4)
Epoch 13 [WARMUP]: RewardSum -14.35 | Reward/Step -0.15, Loss 0.3737 MW, Alpha 0.200
[GNN Utils] Agent Adjacency Matrix Constructed. mode=inv_z, normalize=True, shape=(4, 4)
[GNN Utils] Agent Adjacency Matrix Constructed. mode=inv_z, normalize=True, shape=(4, 4)
Epoch 14 [WARMUP]: RewardSum -16.06 | Reward/Step -0.17, Loss 0.4183 MW, Alpha 0.200
[GNN Utils] Agent Adjacency Matrix Constructed. mode=inv_z, normalize=True, shape=(4, 4)
[GNN Utils] Agent Adjacency Matrix Constructed. mode=inv_z, normalize=True, shape=(4, 4)
Epoch 15 [WARMUP]: RewardSum -14.58 | Reward/Step -0.15, Loss 0.3796 MW, Alpha 0.200
[GNN Utils] Agent Adjacency Matrix Constructed. mode=inv_z, normalize=True, shape=(4, 4)
  --> Validation: Sum -7.27 | PerStep -0.08 (Best: -5.01)
[GNN Utils] Agent Adjacency Matrix Constructed. mode=inv_z, normalize=True, shape=(4, 4)
Epoch 16 [WARMUP]: RewardSum -15.22 | Reward/Step -0.16, Loss 0.3963 MW, Alpha 0.200
[GNN Utils] Agent Adjacency Matrix Constructed. mode=inv_z, normalize=True, shape=(4, 4)
[GNN Utils] Agent Adjacency Matrix Constructed. mode=inv_z, normalize=True, shape=(4, 4)
Epoch 17 [WARMUP]: RewardSum -14.99 | Reward/Step -0.16, Loss 0.3904 MW, Alpha 0.200
[GNN Utils] Agent Adjacency Matrix Constructed. mode=inv_z, normalize=True, shape=(4, 4)
[GNN Utils] Agent Adjacency Matrix Constructed. mode=inv_z, normalize=True, shape=(4, 4)
Epoch 18 [WARMUP]: RewardSum -15.18 | Reward/Step -0.16, Loss 0.3954 MW, Alpha 0.200
[GNN Utils] Agent Adjacency Matrix Constructed. mode=inv_z, normalize=True, shape=(4, 4)
[GNN Utils] Agent Adjacency Matrix Constructed. mode=inv_z, normalize=True, shape=(4, 4)
Epoch 19 [WARMUP]: RewardSum -15.17 | Reward/Step -0.16, Loss 0.3949 MW, Alpha 0.200
[GNN Utils] Agent Adjacency Matrix Constructed. mode=inv_z, normalize=True, shape=(4, 4)
[GNN Utils] Agent Adjacency Matrix Constructed. mode=inv_z, normalize=True, shape=(4, 4)
Epoch 20 [TRAIN]: RewardSum -16.50 | Reward/Step -0.17, Loss 0.4297 MW, Alpha 0.200
[GNN Utils] Agent Adjacency Matrix Constructed. mode=inv_z, normalize=True, shape=(4, 4)
  --> Validation: Sum -7.17 | PerStep -0.07 (Best: -5.01)
[GNN Utils] Agent Adjacency Matrix Constructed. mode=inv_z, normalize=True, shape=(4, 4)
Epoch 21 [TRAIN]: RewardSum -13.62 | Reward/Step -0.14, Loss 0.3547 MW, Alpha 0.195
[GNN Utils] Agent Adjacency Matrix Constructed. mode=inv_z, normalize=True, shape=(4, 4)
[GNN Utils] Agent Adjacency Matrix Constructed. mode=inv_z, normalize=True, shape=(4, 4)
Epoch 22 [TRAIN]: RewardSum -15.66 | Reward/Step -0.16, Loss 0.4078 MW, Alpha 0.190
[GNN Utils] Agent Adjacency Matrix Constructed. mode=inv_z, normalize=True, shape=(4, 4)
[GNN Utils] Agent Adjacency Matrix Constructed. mode=inv_z, normalize=True, shape=(4, 4)
Epoch 23 [TRAIN]: RewardSum -14.63 | Reward/Step -0.15, Loss 0.3811 MW, Alpha 0.185
[GNN Utils] Agent Adjacency Matrix Constructed. mode=inv_z, normalize=True, shape=(4, 4)
[GNN Utils] Agent Adjacency Matrix Constructed. mode=inv_z, normalize=True, shape=(4, 4)
Epoch 24 [TRAIN]: RewardSum -15.29 | Reward/Step -0.16, Loss 0.3981 MW, Alpha 0.180
[GNN Utils] Agent Adjacency Matrix Constructed. mode=inv_z, normalize=True, shape=(4, 4)
[GNN Utils] Agent Adjacency Matrix Constructed. mode=inv_z, normalize=True, shape=(4, 4)
Epoch 25 [TRAIN]: RewardSum -15.76 | Reward/Step -0.16, Loss 0.4103 MW, Alpha 0.178
[GNN Utils] Agent Adjacency Matrix Constructed. mode=inv_z, normalize=True, shape=(4, 4)
  --> Validation: Sum -8.19 | PerStep -0.09 (Best: -5.01)
[GNN Utils] Agent Adjacency Matrix Constructed. mode=inv_z, normalize=True, shape=(4, 4)
Epoch 26 [TRAIN]: RewardSum -15.77 | Reward/Step -0.16, Loss 0.4107 MW, Alpha 0.173
[GNN Utils] Agent Adjacency Matrix Constructed. mode=inv_z, normalize=True, shape=(4, 4)
[GNN Utils] Agent Adjacency Matrix Constructed. mode=inv_z, normalize=True, shape=(4, 4)
Epoch 27 [TRAIN]: RewardSum -19.26 | Reward/Step -0.20, Loss 0.5015 MW, Alpha 0.169
[GNN Utils] Agent Adjacency Matrix Constructed. mode=inv_z, normalize=True, shape=(4, 4)
[GNN Utils] Agent Adjacency Matrix Constructed. mode=inv_z, normalize=True, shape=(4, 4)
Epoch 28 [TRAIN]: RewardSum -14.89 | Reward/Step -0.16, Loss 0.3878 MW, Alpha 0.165
[GNN Utils] Agent Adjacency Matrix Constructed. mode=inv_z, normalize=True, shape=(4, 4)
[GNN Utils] Agent Adjacency Matrix Constructed. mode=inv_z, normalize=True, shape=(4, 4)
Epoch 29 [TRAIN]: RewardSum -15.55 | Reward/Step -0.16, Loss 0.4049 MW, Alpha 0.161
[GNN Utils] Agent Adjacency Matrix Constructed. mode=inv_z, normalize=True, shape=(4, 4)
[GNN Utils] Agent Adjacency Matrix Constructed. mode=inv_z, normalize=True, shape=(4, 4)
Epoch 30 [TRAIN]: RewardSum -15.91 | Reward/Step -0.17, Loss 0.4144 MW, Alpha 0.157
[GNN Utils] Agent Adjacency Matrix Constructed. mode=inv_z, normalize=True, shape=(4, 4)
  --> Validation: Sum -7.20 | PerStep -0.07 (Best: -5.01)
[GNN Utils] Agent Adjacency Matrix Constructed. mode=inv_z, normalize=True, shape=(4, 4)
Epoch 31 [TRAIN]: RewardSum -13.17 | Reward/Step -0.14, Loss 0.3431 MW, Alpha 0.153
[GNN Utils] Agent Adjacency Matrix Constructed. mode=inv_z, normalize=True, shape=(4, 4)
[GNN Utils] Agent Adjacency Matrix Constructed. mode=inv_z, normalize=True, shape=(4, 4)
Epoch 32 [TRAIN]: RewardSum -14.21 | Reward/Step -0.15, Loss 0.3700 MW, Alpha 0.150
[GNN Utils] Agent Adjacency Matrix Constructed. mode=inv_z, normalize=True, shape=(4, 4)
[GNN Utils] Agent Adjacency Matrix Constructed. mode=inv_z, normalize=True, shape=(4, 4)
Epoch 33 [TRAIN]: RewardSum -13.43 | Reward/Step -0.14, Loss 0.3497 MW, Alpha 0.147
[GNN Utils] Agent Adjacency Matrix Constructed. mode=inv_z, normalize=True, shape=(4, 4)
[GNN Utils] Agent Adjacency Matrix Constructed. mode=inv_z, normalize=True, shape=(4, 4)
Epoch 34 [TRAIN]: RewardSum -12.97 | Reward/Step -0.14, Loss 0.3379 MW, Alpha 0.143
[GNN Utils] Agent Adjacency Matrix Constructed. mode=inv_z, normalize=True, shape=(4, 4)
[GNN Utils] Agent Adjacency Matrix Constructed. mode=inv_z, normalize=True, shape=(4, 4)
Epoch 35 [TRAIN]: RewardSum -12.94 | Reward/Step -0.13, Loss 0.3370 MW, Alpha 0.140
[GNN Utils] Agent Adjacency Matrix Constructed. mode=inv_z, normalize=True, shape=(4, 4)
  --> Validation: Sum -4.88 | PerStep -0.05 (Best: -5.01)
[GNN Utils] Agent Adjacency Matrix Constructed. mode=inv_z, normalize=True, shape=(4, 4)
Epoch 36 [TRAIN]: RewardSum -13.00 | Reward/Step -0.14, Loss 0.3386 MW, Alpha 0.137
[GNN Utils] Agent Adjacency Matrix Constructed. mode=inv_z, normalize=True, shape=(4, 4)
[GNN Utils] Agent Adjacency Matrix Constructed. mode=inv_z, normalize=True, shape=(4, 4)
Epoch 37 [TRAIN]: RewardSum -14.17 | Reward/Step -0.15, Loss 0.3690 MW, Alpha 0.136
[GNN Utils] Agent Adjacency Matrix Constructed. mode=inv_z, normalize=True, shape=(4, 4)
[GNN Utils] Agent Adjacency Matrix Constructed. mode=inv_z, normalize=True, shape=(4, 4)
Epoch 38 [TRAIN]: RewardSum -12.09 | Reward/Step -0.13, Loss 0.3147 MW, Alpha 0.133
[GNN Utils] Agent Adjacency Matrix Constructed. mode=inv_z, normalize=True, shape=(4, 4)
[GNN Utils] Agent Adjacency Matrix Constructed. mode=inv_z, normalize=True, shape=(4, 4)
Epoch 39 [TRAIN]: RewardSum -11.77 | Reward/Step -0.12, Loss 0.3065 MW, Alpha 0.130
[GNN Utils] Agent Adjacency Matrix Constructed. mode=inv_z, normalize=True, shape=(4, 4)
[GNN Utils] Agent Adjacency Matrix Constructed. mode=inv_z, normalize=True, shape=(4, 4)
Epoch 40 [TRAIN]: RewardSum -13.26 | Reward/Step -0.14, Loss 0.3454 MW, Alpha 0.128
[GNN Utils] Agent Adjacency Matrix Constructed. mode=inv_z, normalize=True, shape=(4, 4)
  --> Validation: Sum -5.58 | PerStep -0.06 (Best: -4.88)
[GNN Utils] Agent Adjacency Matrix Constructed. mode=inv_z, normalize=True, shape=(4, 4)
Epoch 41 [TRAIN]: RewardSum -14.28 | Reward/Step -0.15, Loss 0.3720 MW, Alpha 0.125
[GNN Utils] Agent Adjacency Matrix Constructed. mode=inv_z, normalize=True, shape=(4, 4)
[GNN Utils] Agent Adjacency Matrix Constructed. mode=inv_z, normalize=True, shape=(4, 4)
Epoch 42 [TRAIN]: RewardSum -13.03 | Reward/Step -0.14, Loss 0.3393 MW, Alpha 0.123
[GNN Utils] Agent Adjacency Matrix Constructed. mode=inv_z, normalize=True, shape=(4, 4)
[GNN Utils] Agent Adjacency Matrix Constructed. mode=inv_z, normalize=True, shape=(4, 4)
Epoch 43 [TRAIN]: RewardSum -13.01 | Reward/Step -0.14, Loss 0.3387 MW, Alpha 0.121
[GNN Utils] Agent Adjacency Matrix Constructed. mode=inv_z, normalize=True, shape=(4, 4)
[GNN Utils] Agent Adjacency Matrix Constructed. mode=inv_z, normalize=True, shape=(4, 4)
Epoch 44 [TRAIN]: RewardSum -13.10 | Reward/Step -0.14, Loss 0.3411 MW, Alpha 0.119
[GNN Utils] Agent Adjacency Matrix Constructed. mode=inv_z, normalize=True, shape=(4, 4)
[GNN Utils] Agent Adjacency Matrix Constructed. mode=inv_z, normalize=True, shape=(4, 4)
Epoch 45 [TRAIN]: RewardSum -12.63 | Reward/Step -0.13, Loss 0.3289 MW, Alpha 0.117
[GNN Utils] Agent Adjacency Matrix Constructed. mode=inv_z, normalize=True, shape=(4, 4)
  --> Validation: Sum -4.39 | PerStep -0.05 (Best: -4.88)
[GNN Utils] Agent Adjacency Matrix Constructed. mode=inv_z, normalize=True, shape=(4, 4)
Epoch 46 [TRAIN]: RewardSum -12.62 | Reward/Step -0.13, Loss 0.3287 MW, Alpha 0.115
[GNN Utils] Agent Adjacency Matrix Constructed. mode=inv_z, normalize=True, shape=(4, 4)
[GNN Utils] Agent Adjacency Matrix Constructed. mode=inv_z, normalize=True, shape=(4, 4)
Epoch 47 [TRAIN]: RewardSum -11.48 | Reward/Step -0.12, Loss 0.2991 MW, Alpha 0.113
[GNN Utils] Agent Adjacency Matrix Constructed. mode=inv_z, normalize=True, shape=(4, 4)
[GNN Utils] Agent Adjacency Matrix Constructed. mode=inv_z, normalize=True, shape=(4, 4)
Epoch 48 [TRAIN]: RewardSum -13.09 | Reward/Step -0.14, Loss 0.3409 MW, Alpha 0.111
[GNN Utils] Agent Adjacency Matrix Constructed. mode=inv_z, normalize=True, shape=(4, 4)
[GNN Utils] Agent Adjacency Matrix Constructed. mode=inv_z, normalize=True, shape=(4, 4)
Epoch 49 [TRAIN]: RewardSum -11.47 | Reward/Step -0.12, Loss 0.2986 MW, Alpha 0.109
[GNN Utils] Agent Adjacency Matrix Constructed. mode=inv_z, normalize=True, shape=(4, 4)
[GNN Utils] Agent Adjacency Matrix Constructed. mode=inv_z, normalize=True, shape=(4, 4)
Epoch 50 [TRAIN]: RewardSum -11.85 | Reward/Step -0.12, Loss 0.3087 MW, Alpha 0.108
[GNN Utils] Agent Adjacency Matrix Constructed. mode=inv_z, normalize=True, shape=(4, 4)
  --> Validation: Sum -4.08 | PerStep -0.04 (Best: -4.39)
[GNN Utils] Agent Adjacency Matrix Constructed. mode=inv_z, normalize=True, shape=(4, 4)
Epoch 51 [TRAIN]: RewardSum -12.86 | Reward/Step -0.13, Loss 0.3350 MW, Alpha 0.107
[GNN Utils] Agent Adjacency Matrix Constructed. mode=inv_z, normalize=True, shape=(4, 4)
[GNN Utils] Agent Adjacency Matrix Constructed. mode=inv_z, normalize=True, shape=(4, 4)
Epoch 52 [TRAIN]: RewardSum -11.13 | Reward/Step -0.12, Loss 0.2899 MW, Alpha 0.105
[GNN Utils] Agent Adjacency Matrix Constructed. mode=inv_z, normalize=True, shape=(4, 4)
[GNN Utils] Agent Adjacency Matrix Constructed. mode=inv_z, normalize=True, shape=(4, 4)
Epoch 53 [TRAIN]: RewardSum -11.71 | Reward/Step -0.12, Loss 0.3051 MW, Alpha 0.104
[GNN Utils] Agent Adjacency Matrix Constructed. mode=inv_z, normalize=True, shape=(4, 4)
[GNN Utils] Agent Adjacency Matrix Constructed. mode=inv_z, normalize=True, shape=(4, 4)
Epoch 54 [TRAIN]: RewardSum -12.19 | Reward/Step -0.13, Loss 0.3175 MW, Alpha 0.103
[GNN Utils] Agent Adjacency Matrix Constructed. mode=inv_z, normalize=True, shape=(4, 4)
[GNN Utils] Agent Adjacency Matrix Constructed. mode=inv_z, normalize=True, shape=(4, 4)
Epoch 55 [TRAIN]: RewardSum -10.49 | Reward/Step -0.11, Loss 0.2733 MW, Alpha 0.101
[GNN Utils] Agent Adjacency Matrix Constructed. mode=inv_z, normalize=True, shape=(4, 4)
  --> Validation: Sum -3.76 | PerStep -0.04 (Best: -4.08)
[GNN Utils] Agent Adjacency Matrix Constructed. mode=inv_z, normalize=True, shape=(4, 4)
Epoch 56 [TRAIN]: RewardSum -12.53 | Reward/Step -0.13, Loss 0.3263 MW, Alpha 0.100
[GNN Utils] Agent Adjacency Matrix Constructed. mode=inv_z, normalize=True, shape=(4, 4)
[GNN Utils] Agent Adjacency Matrix Constructed. mode=inv_z, normalize=True, shape=(4, 4)
Epoch 57 [TRAIN]: RewardSum -11.27 | Reward/Step -0.12, Loss 0.2935 MW, Alpha 0.099
[GNN Utils] Agent Adjacency Matrix Constructed. mode=inv_z, normalize=True, shape=(4, 4)
[GNN Utils] Agent Adjacency Matrix Constructed. mode=inv_z, normalize=True, shape=(4, 4)
Epoch 58 [TRAIN]: RewardSum -12.31 | Reward/Step -0.13, Loss 0.3207 MW, Alpha 0.098
[GNN Utils] Agent Adjacency Matrix Constructed. mode=inv_z, normalize=True, shape=(4, 4)
[GNN Utils] Agent Adjacency Matrix Constructed. mode=inv_z, normalize=True, shape=(4, 4)
Epoch 59 [TRAIN]: RewardSum -10.48 | Reward/Step -0.11, Loss 0.2728 MW, Alpha 0.097
[GNN Utils] Agent Adjacency Matrix Constructed. mode=inv_z, normalize=True, shape=(4, 4)
[GNN Utils] Agent Adjacency Matrix Constructed. mode=inv_z, normalize=True, shape=(4, 4)
Epoch 60 [TRAIN]: RewardSum -11.69 | Reward/Step -0.12, Loss 0.3044 MW, Alpha 0.096
[GNN Utils] Agent Adjacency Matrix Constructed. mode=inv_z, normalize=True, shape=(4, 4)
  --> Validation: Sum -3.44 | PerStep -0.04 (Best: -3.76)
[GNN Utils] Agent Adjacency Matrix Constructed. mode=inv_z, normalize=True, shape=(4, 4)
Epoch 61 [TRAIN]: RewardSum -13.16 | Reward/Step -0.14, Loss 0.3426 MW, Alpha 0.095
[GNN Utils] Agent Adjacency Matrix Constructed. mode=inv_z, normalize=True, shape=(4, 4)
[GNN Utils] Agent Adjacency Matrix Constructed. mode=inv_z, normalize=True, shape=(4, 4)
Epoch 62 [TRAIN]: RewardSum -12.58 | Reward/Step -0.13, Loss 0.3275 MW, Alpha 0.094
[GNN Utils] Agent Adjacency Matrix Constructed. mode=inv_z, normalize=True, shape=(4, 4)
[GNN Utils] Agent Adjacency Matrix Constructed. mode=inv_z, normalize=True, shape=(4, 4)
Epoch 63 [TRAIN]: RewardSum -9.90 | Reward/Step -0.10, Loss 0.2578 MW, Alpha 0.093
[GNN Utils] Agent Adjacency Matrix Constructed. mode=inv_z, normalize=True, shape=(4, 4)
[GNN Utils] Agent Adjacency Matrix Constructed. mode=inv_z, normalize=True, shape=(4, 4)
Epoch 64 [TRAIN]: RewardSum -11.82 | Reward/Step -0.12, Loss 0.3077 MW, Alpha 0.092
[GNN Utils] Agent Adjacency Matrix Constructed. mode=inv_z, normalize=True, shape=(4, 4)
[GNN Utils] Agent Adjacency Matrix Constructed. mode=inv_z, normalize=True, shape=(4, 4)
Epoch 65 [TRAIN]: RewardSum -12.17 | Reward/Step -0.13, Loss 0.3170 MW, Alpha 0.092
[GNN Utils] Agent Adjacency Matrix Constructed. mode=inv_z, normalize=True, shape=(4, 4)
  --> Validation: Sum -3.42 | PerStep -0.04 (Best: -3.44)
[GNN Utils] Agent Adjacency Matrix Constructed. mode=inv_z, normalize=True, shape=(4, 4)
Epoch 66 [TRAIN]: RewardSum -12.29 | Reward/Step -0.13, Loss 0.3200 MW, Alpha 0.091
[GNN Utils] Agent Adjacency Matrix Constructed. mode=inv_z, normalize=True, shape=(4, 4)
[GNN Utils] Agent Adjacency Matrix Constructed. mode=inv_z, normalize=True, shape=(4, 4)
Epoch 67 [TRAIN]: RewardSum -10.19 | Reward/Step -0.11, Loss 0.2653 MW, Alpha 0.090
[GNN Utils] Agent Adjacency Matrix Constructed. mode=inv_z, normalize=True, shape=(4, 4)
[GNN Utils] Agent Adjacency Matrix Constructed. mode=inv_z, normalize=True, shape=(4, 4)
Epoch 68 [TRAIN]: RewardSum -11.16 | Reward/Step -0.12, Loss 0.2905 MW, Alpha 0.090
[GNN Utils] Agent Adjacency Matrix Constructed. mode=inv_z, normalize=True, shape=(4, 4)
[GNN Utils] Agent Adjacency Matrix Constructed. mode=inv_z, normalize=True, shape=(4, 4)
Epoch 69 [TRAIN]: RewardSum -12.00 | Reward/Step -0.13, Loss 0.3126 MW, Alpha 0.089
[GNN Utils] Agent Adjacency Matrix Constructed. mode=inv_z, normalize=True, shape=(4, 4)
[GNN Utils] Agent Adjacency Matrix Constructed. mode=inv_z, normalize=True, shape=(4, 4)
Epoch 70 [TRAIN]: RewardSum -10.64 | Reward/Step -0.11, Loss 0.2772 MW, Alpha 0.088
[GNN Utils] Agent Adjacency Matrix Constructed. mode=inv_z, normalize=True, shape=(4, 4)
  --> Validation: Sum -3.29 | PerStep -0.03 (Best: -3.42)
[GNN Utils] Agent Adjacency Matrix Constructed. mode=inv_z, normalize=True, shape=(4, 4)
Epoch 71 [TRAIN]: RewardSum -11.42 | Reward/Step -0.12, Loss 0.2973 MW, Alpha 0.088
[GNN Utils] Agent Adjacency Matrix Constructed. mode=inv_z, normalize=True, shape=(4, 4)
[GNN Utils] Agent Adjacency Matrix Constructed. mode=inv_z, normalize=True, shape=(4, 4)
Epoch 72 [TRAIN]: RewardSum -9.67 | Reward/Step -0.10, Loss 0.2518 MW, Alpha 0.087
[GNN Utils] Agent Adjacency Matrix Constructed. mode=inv_z, normalize=True, shape=(4, 4)
[GNN Utils] Agent Adjacency Matrix Constructed. mode=inv_z, normalize=True, shape=(4, 4)
Epoch 73 [TRAIN]: RewardSum -12.27 | Reward/Step -0.13, Loss 0.3196 MW, Alpha 0.087
[GNN Utils] Agent Adjacency Matrix Constructed. mode=inv_z, normalize=True, shape=(4, 4)
[GNN Utils] Agent Adjacency Matrix Constructed. mode=inv_z, normalize=True, shape=(4, 4)
Epoch 74 [TRAIN]: RewardSum -11.36 | Reward/Step -0.12, Loss 0.2959 MW, Alpha 0.087
[GNN Utils] Agent Adjacency Matrix Constructed. mode=inv_z, normalize=True, shape=(4, 4)
[GNN Utils] Agent Adjacency Matrix Constructed. mode=inv_z, normalize=True, shape=(4, 4)
Epoch 75 [TRAIN]: RewardSum -11.51 | Reward/Step -0.12, Loss 0.2996 MW, Alpha 0.086
[GNN Utils] Agent Adjacency Matrix Constructed. mode=inv_z, normalize=True, shape=(4, 4)
  --> Validation: Sum -3.08 | PerStep -0.03 (Best: -3.29)
[GNN Utils] Agent Adjacency Matrix Constructed. mode=inv_z, normalize=True, shape=(4, 4)
Epoch 76 [TRAIN]: RewardSum -10.36 | Reward/Step -0.11, Loss 0.2698 MW, Alpha 0.086
[GNN Utils] Agent Adjacency Matrix Constructed. mode=inv_z, normalize=True, shape=(4, 4)
[GNN Utils] Agent Adjacency Matrix Constructed. mode=inv_z, normalize=True, shape=(4, 4)
Epoch 77 [TRAIN]: RewardSum -11.55 | Reward/Step -0.12, Loss 0.3009 MW, Alpha 0.086
[GNN Utils] Agent Adjacency Matrix Constructed. mode=inv_z, normalize=True, shape=(4, 4)
[GNN Utils] Agent Adjacency Matrix Constructed. mode=inv_z, normalize=True, shape=(4, 4)
Epoch 78 [TRAIN]: RewardSum -10.94 | Reward/Step -0.11, Loss 0.2849 MW, Alpha 0.085
[GNN Utils] Agent Adjacency Matrix Constructed. mode=inv_z, normalize=True, shape=(4, 4)
[GNN Utils] Agent Adjacency Matrix Constructed. mode=inv_z, normalize=True, shape=(4, 4)
Epoch 79 [TRAIN]: RewardSum -11.54 | Reward/Step -0.12, Loss 0.3005 MW, Alpha 0.085
[GNN Utils] Agent Adjacency Matrix Constructed. mode=inv_z, normalize=True, shape=(4, 4)
[GNN Utils] Agent Adjacency Matrix Constructed. mode=inv_z, normalize=True, shape=(4, 4)
Epoch 80 [TRAIN]: RewardSum -10.74 | Reward/Step -0.11, Loss 0.2797 MW, Alpha 0.085
[GNN Utils] Agent Adjacency Matrix Constructed. mode=inv_z, normalize=True, shape=(4, 4)
  --> Validation: Sum -3.17 | PerStep -0.03 (Best: -3.08)
[GNN Utils] Agent Adjacency Matrix Constructed. mode=inv_z, normalize=True, shape=(4, 4)
Epoch 81 [TRAIN]: RewardSum -11.16 | Reward/Step -0.12, Loss 0.2905 MW, Alpha 0.085
[GNN Utils] Agent Adjacency Matrix Constructed. mode=inv_z, normalize=True, shape=(4, 4)
[GNN Utils] Agent Adjacency Matrix Constructed. mode=inv_z, normalize=True, shape=(4, 4)
Epoch 82 [TRAIN]: RewardSum -10.72 | Reward/Step -0.11, Loss 0.2791 MW, Alpha 0.084
[GNN Utils] Agent Adjacency Matrix Constructed. mode=inv_z, normalize=True, shape=(4, 4)
[GNN Utils] Agent Adjacency Matrix Constructed. mode=inv_z, normalize=True, shape=(4, 4)
Epoch 83 [TRAIN]: RewardSum -10.80 | Reward/Step -0.11, Loss 0.2812 MW, Alpha 0.084
[GNN Utils] Agent Adjacency Matrix Constructed. mode=inv_z, normalize=True, shape=(4, 4)
[GNN Utils] Agent Adjacency Matrix Constructed. mode=inv_z, normalize=True, shape=(4, 4)
Epoch 84 [TRAIN]: RewardSum -11.41 | Reward/Step -0.12, Loss 0.2971 MW, Alpha 0.084
[GNN Utils] Agent Adjacency Matrix Constructed. mode=inv_z, normalize=True, shape=(4, 4)
[GNN Utils] Agent Adjacency Matrix Constructed. mode=inv_z, normalize=True, shape=(4, 4)
Epoch 85 [TRAIN]: RewardSum -11.76 | Reward/Step -0.12, Loss 0.3063 MW, Alpha 0.084
[GNN Utils] Agent Adjacency Matrix Constructed. mode=inv_z, normalize=True, shape=(4, 4)
  --> Validation: Sum -3.13 | PerStep -0.03 (Best: -3.08)
[GNN Utils] Agent Adjacency Matrix Constructed. mode=inv_z, normalize=True, shape=(4, 4)
Epoch 86 [TRAIN]: RewardSum -10.55 | Reward/Step -0.11, Loss 0.2748 MW, Alpha 0.084
[GNN Utils] Agent Adjacency Matrix Constructed. mode=inv_z, normalize=True, shape=(4, 4)
[GNN Utils] Agent Adjacency Matrix Constructed. mode=inv_z, normalize=True, shape=(4, 4)
Epoch 87 [TRAIN]: RewardSum -11.86 | Reward/Step -0.12, Loss 0.3090 MW, Alpha 0.084
[GNN Utils] Agent Adjacency Matrix Constructed. mode=inv_z, normalize=True, shape=(4, 4)
[GNN Utils] Agent Adjacency Matrix Constructed. mode=inv_z, normalize=True, shape=(4, 4)
Epoch 88 [TRAIN]: RewardSum -12.63 | Reward/Step -0.13, Loss 0.3290 MW, Alpha 0.083
[GNN Utils] Agent Adjacency Matrix Constructed. mode=inv_z, normalize=True, shape=(4, 4)
[GNN Utils] Agent Adjacency Matrix Constructed. mode=inv_z, normalize=True, shape=(4, 4)
Epoch 89 [TRAIN]: RewardSum -10.74 | Reward/Step -0.11, Loss 0.2798 MW, Alpha 0.083
[GNN Utils] Agent Adjacency Matrix Constructed. mode=inv_z, normalize=True, shape=(4, 4)
[GNN Utils] Agent Adjacency Matrix Constructed. mode=inv_z, normalize=True, shape=(4, 4)
Epoch 90 [TRAIN]: RewardSum -10.30 | Reward/Step -0.11, Loss 0.2683 MW, Alpha 0.083
[GNN Utils] Agent Adjacency Matrix Constructed. mode=inv_z, normalize=True, shape=(4, 4)
  --> Validation: Sum -3.09 | PerStep -0.03 (Best: -3.08)
[GNN Utils] Agent Adjacency Matrix Constructed. mode=inv_z, normalize=True, shape=(4, 4)
Epoch 91 [TRAIN]: RewardSum -12.24 | Reward/Step -0.13, Loss 0.3187 MW, Alpha 0.083
[GNN Utils] Agent Adjacency Matrix Constructed. mode=inv_z, normalize=True, shape=(4, 4)
[GNN Utils] Agent Adjacency Matrix Constructed. mode=inv_z, normalize=True, shape=(4, 4)
Epoch 92 [TRAIN]: RewardSum -10.24 | Reward/Step -0.11, Loss 0.2666 MW, Alpha 0.083
[GNN Utils] Agent Adjacency Matrix Constructed. mode=inv_z, normalize=True, shape=(4, 4)
[GNN Utils] Agent Adjacency Matrix Constructed. mode=inv_z, normalize=True, shape=(4, 4)
Epoch 93 [TRAIN]: RewardSum -11.08 | Reward/Step -0.12, Loss 0.2887 MW, Alpha 0.083
[GNN Utils] Agent Adjacency Matrix Constructed. mode=inv_z, normalize=True, shape=(4, 4)
[GNN Utils] Agent Adjacency Matrix Constructed. mode=inv_z, normalize=True, shape=(4, 4)
Epoch 94 [TRAIN]: RewardSum -11.47 | Reward/Step -0.12, Loss 0.2986 MW, Alpha 0.083
[GNN Utils] Agent Adjacency Matrix Constructed. mode=inv_z, normalize=True, shape=(4, 4)
[GNN Utils] Agent Adjacency Matrix Constructed. mode=inv_z, normalize=True, shape=(4, 4)
Epoch 95 [TRAIN]: RewardSum -10.89 | Reward/Step -0.11, Loss 0.2837 MW, Alpha 0.083
[GNN Utils] Agent Adjacency Matrix Constructed. mode=inv_z, normalize=True, shape=(4, 4)
  --> Validation: Sum -3.14 | PerStep -0.03 (Best: -3.08)
[GNN Utils] Agent Adjacency Matrix Constructed. mode=inv_z, normalize=True, shape=(4, 4)
Epoch 96 [TRAIN]: RewardSum -11.10 | Reward/Step -0.12, Loss 0.2891 MW, Alpha 0.083
[GNN Utils] Agent Adjacency Matrix Constructed. mode=inv_z, normalize=True, shape=(4, 4)
[GNN Utils] Agent Adjacency Matrix Constructed. mode=inv_z, normalize=True, shape=(4, 4)
Epoch 97 [TRAIN]: RewardSum -10.67 | Reward/Step -0.11, Loss 0.2778 MW, Alpha 0.083
[GNN Utils] Agent Adjacency Matrix Constructed. mode=inv_z, normalize=True, shape=(4, 4)
[GNN Utils] Agent Adjacency Matrix Constructed. mode=inv_z, normalize=True, shape=(4, 4)
Epoch 98 [TRAIN]: RewardSum -10.96 | Reward/Step -0.11, Loss 0.2855 MW, Alpha 0.083
[GNN Utils] Agent Adjacency Matrix Constructed. mode=inv_z, normalize=True, shape=(4, 4)
[GNN Utils] Agent Adjacency Matrix Constructed. mode=inv_z, normalize=True, shape=(4, 4)
Epoch 99 [TRAIN]: RewardSum -10.66 | Reward/Step -0.11, Loss 0.2776 MW, Alpha 0.083
[GNN Utils] Agent Adjacency Matrix Constructed. mode=inv_z, normalize=True, shape=(4, 4)
============================================================
🚀 Start Training GNN-FMASAC: 141
   Architecture: Graph Convolutional Mixer (Topology Aware)
   Batch=64, ActorLR=0.0003, CriticLR=0.0003, Gamma=0.9
============================================================
[Env] 正在通过 Python Loader 构建 case141 网络...
[Env] 已添加 14 个 PV (2.0 MVA) 和 5 个 SVC。
[Env] Case 141 网络构建及缓存完成。
[Env] 正在通过 Python Loader 构建 case141 网络...
[Env] 已添加 14 个 PV (2.0 MVA) 和 5 个 SVC。
[Env] Case 141 网络构建及缓存完成。
[GNN] Building agent adjacency for GraphMixer...
[GNN Utils] Agent Adjacency Matrix Constructed. mode=inv_z, normalize=True, shape=(4, 4)
[GNN Utils] Agent Adjacency Matrix Constructed. mode=inv_z, normalize=True, shape=(4, 4)
Epoch 0 [WARMUP]: RewardSum -14.37 | Reward/Step -0.15, Loss 0.3743 MW, Alpha 0.200
[GNN Utils] Agent Adjacency Matrix Constructed. mode=inv_z, normalize=True, shape=(4, 4)
  --> Validation: Sum -7.10 | PerStep -0.07 (Best: -inf)
[GNN Utils] Agent Adjacency Matrix Constructed. mode=inv_z, normalize=True, shape=(4, 4)
Epoch 1 [WARMUP]: RewardSum -14.48 | Reward/Step -0.15, Loss 0.3772 MW, Alpha 0.200
[GNN Utils] Agent Adjacency Matrix Constructed. mode=inv_z, normalize=True, shape=(4, 4)

[RUN] 'D:\Anaconda\envs\tianshou_env\python.exe' 'C:\Users\ASUS\Desktop\fuxian\fedgrid_runtime_bundle_v1\runtime_bundle\train_gnn_fedgrid.py' --save_dir 'C:\Users\ASUS\Desktop\fuxian\fedgrid_runtime_bundle_v1\runtime_bundle\outputs\suites\case141_fedgrid_main_rr\checkpoints' --log_dir 'C:\Users\ASUS\Desktop\fuxian\fedgrid_runtime_bundle_v1\runtime_bundle\outputs\suites\case141_fedgrid_main_rr\logs' --exp_name case141_fedgrid_none_seed0 --case 141 --gpu 0 --epochs 100 --val_episodes 5 --topology_mode random_reset --outage_k 6 --outage_policy local --outage_radius 2 --avoid_slack_hops 1 --topology_seed 0 --bus_gnn_scope global --mixer_gat_ramp_epochs 50 --mixer_gate_init_bias -5.0 --mixer_gnn_lr_scale 0.1 --mixer_gate_lr_scale 0.1 --edge_drop 0.1 --bus_gnn_lr_scale 0.1 --bus_gnn_use_base_topology --mixer_use_base_topology --fed_mode none

[RUN] 'D:\Anaconda\envs\tianshou_env\python.exe' 'C:\Users\ASUS\Desktop\fuxian\fedgrid_runtime_bundle_v1\runtime_bundle\train_gnn_fedgrid.py' --save_dir 'C:\Users\ASUS\Desktop\fuxian\fedgrid_runtime_bundle_v1\runtime_bundle\outputs\suites\case141_fedgrid_main_rr\checkpoints' --log_dir 'C:\Users\ASUS\Desktop\fuxian\fedgrid_runtime_bundle_v1\runtime_bundle\outputs\suites\case141_fedgrid_main_rr\logs' --exp_name case141_fedgrid_topo_proto_seed0 --case 141 --gpu 0 --epochs 100 --val_episodes 5 --topology_mode random_reset --outage_k 6 --outage_policy local --outage_radius 2 --avoid_slack_hops 1 --topology_seed 0 --bus_gnn_scope global --mixer_gat_ramp_epochs 50 --mixer_gate_init_bias -5.0 --mixer_gnn_lr_scale 0.1 --mixer_gate_lr_scale 0.1 --edge_drop 0.1 --bus_gnn_lr_scale 0.1 --bus_gnn_use_base_topology --mixer_use_base_topology --fed_mode topo_proto --fed_proto_source hybrid

[RUN] 'D:\Anaconda\envs\tianshou_env\python.exe' 'C:\Users\ASUS\Desktop\fuxian\fedgrid_runtime_bundle_v1\runtime_bundle\train_gnn_fedgrid.py' --save_dir 'C:\Users\ASUS\Desktop\fuxian\fedgrid_runtime_bundle_v1\runtime_bundle\outputs\suites\case141_fedgrid_main_rr\checkpoints' --log_dir 'C:\Users\ASUS\Desktop\fuxian\fedgrid_runtime_bundle_v1\runtime_bundle\outputs\suites\case141_fedgrid_main_rr\logs' --exp_name case141_fedgrid_v4_cluster_distill_seed0 --case 141 --gpu 0 --epochs 100 --val_episodes 5 --topology_mode random_reset --outage_k 6 --outage_policy local --outage_radius 2 --avoid_slack_hops 1 --topology_seed 0 --bus_gnn_scope global --mixer_gat_ramp_epochs 50 --mixer_gate_init_bias -5.0 --mixer_gnn_lr_scale 0.1 --mixer_gate_lr_scale 0.1 --edge_drop 0.1 --bus_gnn_lr_scale 0.1 --bus_gnn_use_base_topology --mixer_use_base_topology --fed_mode topo_proto --fed_proto_source hybrid --fed_clustered --fed_cluster_knn 2 --fed_cluster_threshold 0.58 --fed_max_clusters 4 --fed_inter_cluster_scale 0.08 --fed_cluster_self_boost 0.1 --fed_distill_coef 0.1 --fed_distill_steps 1 --fed_distill_batch_size 128 --fed_distill_same_cluster_only
